[0.008s] Invoking command in '/home/zuriel/puzzlebot_challenges/build/my_custom_msgs': CMAKE_PREFIX_PATH=${CMAKE_PREFIX_PATH}:/home/zuriel/puzzlebot_challenges/install/path_follower:/home/zuriel/turtlebot3_ws/install/turtlebot3_teleop:/home/zuriel/turtlebot3_ws/install/turtlebot3_example:/opt/ros/humble /usr/bin/cmake --build /home/zuriel/puzzlebot_challenges/build/my_custom_msgs -- -j32 -l32
[0.030s] -- Found ament_cmake: 1.3.11 (/opt/ros/humble/share/ament_cmake/cmake)
[0.267s] -- Found std_msgs: 4.2.4 (/opt/ros/humble/share/std_msgs/cmake)
[0.280s] -- Found rosidl_generator_c: 3.1.6 (/opt/ros/humble/share/rosidl_generator_c/cmake)
[0.282s] -- Found rosidl_adapter: 3.1.6 (/opt/ros/humble/share/rosidl_adapter/cmake)
[0.285s] -- Found rosidl_generator_cpp: 3.1.6 (/opt/ros/humble/share/rosidl_generator_cpp/cmake)
[0.290s] -- Using all available rosidl_typesupport_c: rosidl_typesupport_fastrtps_c;rosidl_typesupport_introspection_c
[0.296s] -- Using all available rosidl_typesupport_cpp: rosidl_typesupport_fastrtps_cpp;rosidl_typesupport_introspection_cpp
[0.308s] -- Found geometry_msgs: 4.2.4 (/opt/ros/humble/share/geometry_msgs/cmake)
[0.317s] -- Found rosidl_default_generators: 1.2.0 (/opt/ros/humble/share/rosidl_default_generators/cmake)
[0.770s] -- Found ament_cmake_ros: 0.10.0 (/opt/ros/humble/share/ament_cmake_ros/cmake)
[1.419s] -- Using all available rosidl_typesupport_c: rosidl_typesupport_fastrtps_c;rosidl_typesupport_introspection_c
[1.666s] -- Using all available rosidl_typesupport_cpp: rosidl_typesupport_fastrtps_cpp;rosidl_typesupport_introspection_cpp
[1.755s] -- Found PythonInterp: /home/zuriel/.pyenv/shims/python3 (found suitable version "3.10.12", minimum required is "3.6") 
[1.757s] -- Found python_cmake_module: 0.10.0 (/opt/ros/humble/share/python_cmake_module/cmake)
[1.860s] -- Found PythonLibs: /usr/lib/x86_64-linux-gnu/libpython3.10.so (found suitable version "3.10.12", minimum required is "3.5") 
[1.860s] -- Using PYTHON_EXECUTABLE: /home/zuriel/.pyenv/shims/python3
[1.860s] -- Using PYTHON_INCLUDE_DIRS: /usr/include/python3.10
[1.860s] -- Using PYTHON_LIBRARIES: /usr/lib/x86_64-linux-gnu/libpython3.10.so
[1.957s] -- Found PythonExtra: .so  
[2.072s] -- Found ament_lint_auto: 0.12.11 (/opt/ros/humble/share/ament_lint_auto/cmake)
[2.076s] -- Added test 'lint_cmake' to check CMake code style
[2.077s] -- Added test 'xmllint' to check XML markup files
[2.078s] -- Configuring done
[2.091s] -- Generating done
[2.096s] -- Build files have been written to: /home/zuriel/puzzlebot_challenges/build/my_custom_msgs
[2.115s] [35m[1mConsolidate compiler generated dependencies of target my_custom_msgs__rosidl_generator_c[0m
[2.125s] [  3%] Built target my_custom_msgs__cpp
[2.127s] [ 12%] Built target my_custom_msgs__rosidl_generator_c
[2.130s] [ 12%] Built target ament_cmake_python_copy_my_custom_msgs
[2.134s] [35m[1mConsolidate compiler generated dependencies of target my_custom_msgs__rosidl_typesupport_fastrtps_c[0m
[2.134s] [35m[1mConsolidate compiler generated dependencies of target my_custom_msgs__rosidl_typesupport_cpp[0m
[2.135s] [35m[1mConsolidate compiler generated dependencies of target my_custom_msgs__rosidl_typesupport_introspection_cpp[0m
[2.135s] [35m[1mConsolidate compiler generated dependencies of target my_custom_msgs__rosidl_typesupport_fastrtps_cpp[0m
[2.136s] [35m[1mConsolidate compiler generated dependencies of target my_custom_msgs__rosidl_typesupport_introspection_c[0m
[2.136s] [35m[1mConsolidate compiler generated dependencies of target my_custom_msgs__rosidl_typesupport_c[0m
[2.145s] [ 22%] Built target my_custom_msgs__rosidl_typesupport_fastrtps_c
[2.146s] [ 51%] Built target my_custom_msgs__rosidl_typesupport_introspection_cpp
[2.146s] [ 51%] Built target my_custom_msgs__rosidl_typesupport_cpp
[2.146s] [ 58%] Built target my_custom_msgs__rosidl_typesupport_fastrtps_cpp
[2.146s] [ 61%] Built target my_custom_msgs__rosidl_typesupport_c
[2.146s] [ 70%] Built target my_custom_msgs__rosidl_typesupport_introspection_c
[2.162s] [ 70%] Built target my_custom_msgs
[2.179s] [ 74%] [34m[1mGenerating Python code for ROS interfaces[0m
[2.310s] running egg_info
[2.310s] creating my_custom_msgs.egg-info
[2.310s] writing my_custom_msgs.egg-info/PKG-INFO
[2.310s] writing dependency_links to my_custom_msgs.egg-info/dependency_links.txt
[2.311s] writing top-level names to my_custom_msgs.egg-info/top_level.txt
[2.311s] writing manifest file 'my_custom_msgs.egg-info/SOURCES.txt'
[2.311s] reading manifest file 'my_custom_msgs.egg-info/SOURCES.txt'
[2.312s] writing manifest file 'my_custom_msgs.egg-info/SOURCES.txt'
[2.328s] [ 74%] Built target ament_cmake_python_build_my_custom_msgs_egg
[2.398s] [ 74%] Built target my_custom_msgs__py
[2.423s] [ 77%] [32mBuilding C object CMakeFiles/my_custom_msgs__rosidl_generator_py.dir/rosidl_generator_py/my_custom_msgs/msg/_path_pose_s.c.o[0m
[2.512s] [ 80%] [32m[1mLinking C shared library rosidl_generator_py/my_custom_msgs/libmy_custom_msgs__rosidl_generator_py.so[0m
[2.560s] [ 80%] Built target my_custom_msgs__rosidl_generator_py
[2.574s] [ 83%] [32mBuilding C object CMakeFiles/my_custom_msgs__rosidl_typesupport_fastrtps_c__pyext.dir/rosidl_generator_py/my_custom_msgs/_my_custom_msgs_s.ep.rosidl_typesupport_fastrtps_c.c.o[0m
[2.574s] [ 87%] [32mBuilding C object CMakeFiles/my_custom_msgs__rosidl_typesupport_introspection_c__pyext.dir/rosidl_generator_py/my_custom_msgs/_my_custom_msgs_s.ep.rosidl_typesupport_introspection_c.c.o[0m
[2.576s] [ 90%] [32mBuilding C object CMakeFiles/my_custom_msgs__rosidl_typesupport_c__pyext.dir/rosidl_generator_py/my_custom_msgs/_my_custom_msgs_s.ep.rosidl_typesupport_c.c.o[0m
[2.628s] [ 93%] [32m[1mLinking C shared library rosidl_generator_py/my_custom_msgs/my_custom_msgs_s__rosidl_typesupport_fastrtps_c.cpython-310-x86_64-linux-gnu.so[0m
[2.631s] [ 96%] [32m[1mLinking C shared library rosidl_generator_py/my_custom_msgs/my_custom_msgs_s__rosidl_typesupport_introspection_c.cpython-310-x86_64-linux-gnu.so[0m
[2.633s] [100%] [32m[1mLinking C shared library rosidl_generator_py/my_custom_msgs/my_custom_msgs_s__rosidl_typesupport_c.cpython-310-x86_64-linux-gnu.so[0m
[2.655s] [100%] Built target my_custom_msgs__rosidl_typesupport_fastrtps_c__pyext
[2.657s] [100%] Built target my_custom_msgs__rosidl_typesupport_introspection_c__pyext
[2.659s] [100%] Built target my_custom_msgs__rosidl_typesupport_c__pyext
[2.668s] Invoked command in '/home/zuriel/puzzlebot_challenges/build/my_custom_msgs' returned '0': CMAKE_PREFIX_PATH=${CMAKE_PREFIX_PATH}:/home/zuriel/puzzlebot_challenges/install/path_follower:/home/zuriel/turtlebot3_ws/install/turtlebot3_teleop:/home/zuriel/turtlebot3_ws/install/turtlebot3_example:/opt/ros/humble /usr/bin/cmake --build /home/zuriel/puzzlebot_challenges/build/my_custom_msgs -- -j32 -l32
[2.677s] Invoking command in '/home/zuriel/puzzlebot_challenges/build/my_custom_msgs': CMAKE_PREFIX_PATH=${CMAKE_PREFIX_PATH}:/home/zuriel/puzzlebot_challenges/install/path_follower:/home/zuriel/turtlebot3_ws/install/turtlebot3_teleop:/home/zuriel/turtlebot3_ws/install/turtlebot3_example:/opt/ros/humble /usr/bin/cmake --install /home/zuriel/puzzlebot_challenges/build/my_custom_msgs
[2.682s] -- Install configuration: ""
[2.682s] -- Up-to-date: /home/zuriel/puzzlebot_challenges/install/my_custom_msgs/share/ament_index/resource_index/rosidl_interfaces/my_custom_msgs
[2.682s] -- Up-to-date: /home/zuriel/puzzlebot_challenges/install/my_custom_msgs/include/my_custom_msgs/my_custom_msgs
[2.682s] -- Up-to-date: /home/zuriel/puzzlebot_challenges/install/my_custom_msgs/include/my_custom_msgs/my_custom_msgs/msg
[2.682s] -- Up-to-date: /home/zuriel/puzzlebot_challenges/install/my_custom_msgs/include/my_custom_msgs/my_custom_msgs/msg/rosidl_generator_c__visibility_control.h
[2.682s] -- Up-to-date: /home/zuriel/puzzlebot_challenges/install/my_custom_msgs/include/my_custom_msgs/my_custom_msgs/msg/detail
[2.682s] -- Up-to-date: /home/zuriel/puzzlebot_challenges/install/my_custom_msgs/include/my_custom_msgs/my_custom_msgs/msg/detail/path_pose__functions.h
[2.682s] -- Up-to-date: /home/zuriel/puzzlebot_challenges/install/my_custom_msgs/include/my_custom_msgs/my_custom_msgs/msg/detail/path_pose__functions.c
[2.682s] -- Up-to-date: /home/zuriel/puzzlebot_challenges/install/my_custom_msgs/include/my_custom_msgs/my_custom_msgs/msg/detail/path_pose__type_support.h
[2.682s] -- Up-to-date: /home/zuriel/puzzlebot_challenges/install/my_custom_msgs/include/my_custom_msgs/my_custom_msgs/msg/detail/path_pose__struct.h
[2.682s] -- Up-to-date: /home/zuriel/puzzlebot_challenges/install/my_custom_msgs/include/my_custom_msgs/my_custom_msgs/msg/path_pose.h
[2.682s] -- Up-to-date: /home/zuriel/puzzlebot_challenges/install/my_custom_msgs/share/my_custom_msgs/environment/library_path.sh
[2.682s] -- Installing: /home/zuriel/puzzlebot_challenges/install/my_custom_msgs/share/my_custom_msgs/environment/library_path.dsv
[2.682s] -- Up-to-date: /home/zuriel/puzzlebot_challenges/install/my_custom_msgs/lib/libmy_custom_msgs__rosidl_generator_c.so
[2.682s] -- Up-to-date: /home/zuriel/puzzlebot_challenges/install/my_custom_msgs/include/my_custom_msgs/my_custom_msgs
[2.682s] -- Up-to-date: /home/zuriel/puzzlebot_challenges/install/my_custom_msgs/include/my_custom_msgs/my_custom_msgs/msg
[2.683s] -- Up-to-date: /home/zuriel/puzzlebot_challenges/install/my_custom_msgs/include/my_custom_msgs/my_custom_msgs/msg/rosidl_typesupport_fastrtps_c__visibility_control.h
[2.683s] -- Up-to-date: /home/zuriel/puzzlebot_challenges/install/my_custom_msgs/include/my_custom_msgs/my_custom_msgs/msg/detail
[2.683s] -- Up-to-date: /home/zuriel/puzzlebot_challenges/install/my_custom_msgs/include/my_custom_msgs/my_custom_msgs/msg/detail/path_pose__rosidl_typesupport_fastrtps_c.h
[2.683s] -- Up-to-date: /home/zuriel/puzzlebot_challenges/install/my_custom_msgs/lib/libmy_custom_msgs__rosidl_typesupport_fastrtps_c.so
[2.683s] -- Up-to-date: /home/zuriel/puzzlebot_challenges/install/my_custom_msgs/include/my_custom_msgs/my_custom_msgs
[2.683s] -- Up-to-date: /home/zuriel/puzzlebot_challenges/install/my_custom_msgs/include/my_custom_msgs/my_custom_msgs/msg
[2.683s] -- Up-to-date: /home/zuriel/puzzlebot_challenges/install/my_custom_msgs/include/my_custom_msgs/my_custom_msgs/msg/path_pose.hpp
[2.684s] -- Up-to-date: /home/zuriel/puzzlebot_challenges/install/my_custom_msgs/include/my_custom_msgs/my_custom_msgs/msg/detail
[2.684s] -- Up-to-date: /home/zuriel/puzzlebot_challenges/install/my_custom_msgs/include/my_custom_msgs/my_custom_msgs/msg/detail/path_pose__builder.hpp
[2.684s] -- Up-to-date: /home/zuriel/puzzlebot_challenges/install/my_custom_msgs/include/my_custom_msgs/my_custom_msgs/msg/detail/path_pose__traits.hpp
[2.684s] -- Up-to-date: /home/zuriel/puzzlebot_challenges/install/my_custom_msgs/include/my_custom_msgs/my_custom_msgs/msg/detail/path_pose__struct.hpp
[2.684s] -- Up-to-date: /home/zuriel/puzzlebot_challenges/install/my_custom_msgs/include/my_custom_msgs/my_custom_msgs/msg/detail/path_pose__type_support.hpp
[2.684s] -- Up-to-date: /home/zuriel/puzzlebot_challenges/install/my_custom_msgs/include/my_custom_msgs/my_custom_msgs/msg/rosidl_generator_cpp__visibility_control.hpp
[2.684s] -- Up-to-date: /home/zuriel/puzzlebot_challenges/install/my_custom_msgs/include/my_custom_msgs/my_custom_msgs
[2.684s] -- Up-to-date: /home/zuriel/puzzlebot_challenges/install/my_custom_msgs/include/my_custom_msgs/my_custom_msgs/msg
[2.684s] -- Up-to-date: /home/zuriel/puzzlebot_challenges/install/my_custom_msgs/include/my_custom_msgs/my_custom_msgs/msg/rosidl_typesupport_fastrtps_cpp__visibility_control.h
[2.684s] -- Up-to-date: /home/zuriel/puzzlebot_challenges/install/my_custom_msgs/include/my_custom_msgs/my_custom_msgs/msg/detail
[2.684s] -- Up-to-date: /home/zuriel/puzzlebot_challenges/install/my_custom_msgs/include/my_custom_msgs/my_custom_msgs/msg/detail/path_pose__rosidl_typesupport_fastrtps_cpp.hpp
[2.684s] -- Up-to-date: /home/zuriel/puzzlebot_challenges/install/my_custom_msgs/include/my_custom_msgs/my_custom_msgs/msg/detail/dds_fastrtps
[2.684s] -- Up-to-date: /home/zuriel/puzzlebot_challenges/install/my_custom_msgs/lib/libmy_custom_msgs__rosidl_typesupport_fastrtps_cpp.so
[2.684s] -- Up-to-date: /home/zuriel/puzzlebot_challenges/install/my_custom_msgs/include/my_custom_msgs/my_custom_msgs
[2.684s] -- Up-to-date: /home/zuriel/puzzlebot_challenges/install/my_custom_msgs/include/my_custom_msgs/my_custom_msgs/msg
[2.684s] -- Up-to-date: /home/zuriel/puzzlebot_challenges/install/my_custom_msgs/include/my_custom_msgs/my_custom_msgs/msg/rosidl_typesupport_introspection_c__visibility_control.h
[2.684s] -- Up-to-date: /home/zuriel/puzzlebot_challenges/install/my_custom_msgs/include/my_custom_msgs/my_custom_msgs/msg/detail
[2.684s] -- Up-to-date: /home/zuriel/puzzlebot_challenges/install/my_custom_msgs/include/my_custom_msgs/my_custom_msgs/msg/detail/path_pose__rosidl_typesupport_introspection_c.h
[2.684s] -- Up-to-date: /home/zuriel/puzzlebot_challenges/install/my_custom_msgs/include/my_custom_msgs/my_custom_msgs/msg/detail/path_pose__type_support.c
[2.684s] -- Up-to-date: /home/zuriel/puzzlebot_challenges/install/my_custom_msgs/lib/libmy_custom_msgs__rosidl_typesupport_introspection_c.so
[2.684s] -- Up-to-date: /home/zuriel/puzzlebot_challenges/install/my_custom_msgs/lib/libmy_custom_msgs__rosidl_typesupport_c.so
[2.684s] -- Up-to-date: /home/zuriel/puzzlebot_challenges/install/my_custom_msgs/include/my_custom_msgs/my_custom_msgs
[2.685s] -- Up-to-date: /home/zuriel/puzzlebot_challenges/install/my_custom_msgs/include/my_custom_msgs/my_custom_msgs/msg
[2.685s] -- Up-to-date: /home/zuriel/puzzlebot_challenges/install/my_custom_msgs/include/my_custom_msgs/my_custom_msgs/msg/detail
[2.685s] -- Up-to-date: /home/zuriel/puzzlebot_challenges/install/my_custom_msgs/include/my_custom_msgs/my_custom_msgs/msg/detail/path_pose__rosidl_typesupport_introspection_cpp.hpp
[2.685s] -- Up-to-date: /home/zuriel/puzzlebot_challenges/install/my_custom_msgs/include/my_custom_msgs/my_custom_msgs/msg/detail/path_pose__type_support.cpp
[2.685s] -- Up-to-date: /home/zuriel/puzzlebot_challenges/install/my_custom_msgs/lib/libmy_custom_msgs__rosidl_typesupport_introspection_cpp.so
[2.685s] -- Up-to-date: /home/zuriel/puzzlebot_challenges/install/my_custom_msgs/lib/libmy_custom_msgs__rosidl_typesupport_cpp.so
[2.685s] -- Installing: /home/zuriel/puzzlebot_challenges/install/my_custom_msgs/share/my_custom_msgs/environment/pythonpath.sh
[2.685s] -- Installing: /home/zuriel/puzzlebot_challenges/install/my_custom_msgs/share/my_custom_msgs/environment/pythonpath.dsv
[2.685s] -- Installing: /home/zuriel/puzzlebot_challenges/install/my_custom_msgs/local/lib/python3.10/dist-packages/my_custom_msgs-0.0.0-py3.10.egg-info
[2.685s] -- Installing: /home/zuriel/puzzlebot_challenges/install/my_custom_msgs/local/lib/python3.10/dist-packages/my_custom_msgs-0.0.0-py3.10.egg-info/PKG-INFO
[2.685s] -- Installing: /home/zuriel/puzzlebot_challenges/install/my_custom_msgs/local/lib/python3.10/dist-packages/my_custom_msgs-0.0.0-py3.10.egg-info/top_level.txt
[2.685s] -- Installing: /home/zuriel/puzzlebot_challenges/install/my_custom_msgs/local/lib/python3.10/dist-packages/my_custom_msgs-0.0.0-py3.10.egg-info/SOURCES.txt
[2.685s] -- Installing: /home/zuriel/puzzlebot_challenges/install/my_custom_msgs/local/lib/python3.10/dist-packages/my_custom_msgs-0.0.0-py3.10.egg-info/dependency_links.txt
[2.685s] -- Installing: /home/zuriel/puzzlebot_challenges/install/my_custom_msgs/local/lib/python3.10/dist-packages/my_custom_msgs
[2.685s] -- Installing: /home/zuriel/puzzlebot_challenges/install/my_custom_msgs/local/lib/python3.10/dist-packages/my_custom_msgs/_my_custom_msgs_s.ep.rosidl_typesupport_c.c
[2.685s] -- Installing: /home/zuriel/puzzlebot_challenges/install/my_custom_msgs/local/lib/python3.10/dist-packages/my_custom_msgs/my_custom_msgs_s__rosidl_typesupport_introspection_c.cpython-310-x86_64-linux-gnu.so
[2.685s] -- Installing: /home/zuriel/puzzlebot_challenges/install/my_custom_msgs/local/lib/python3.10/dist-packages/my_custom_msgs/_my_custom_msgs_s.ep.rosidl_typesupport_introspection_c.c
[2.685s] -- Installing: /home/zuriel/puzzlebot_challenges/install/my_custom_msgs/local/lib/python3.10/dist-packages/my_custom_msgs/my_custom_msgs_s__rosidl_typesupport_fastrtps_c.cpython-310-x86_64-linux-gnu.so
[2.685s] -- Installing: /home/zuriel/puzzlebot_challenges/install/my_custom_msgs/local/lib/python3.10/dist-packages/my_custom_msgs/msg
[2.685s] -- Installing: /home/zuriel/puzzlebot_challenges/install/my_custom_msgs/local/lib/python3.10/dist-packages/my_custom_msgs/msg/_path_pose_s.c
[2.685s] -- Installing: /home/zuriel/puzzlebot_challenges/install/my_custom_msgs/local/lib/python3.10/dist-packages/my_custom_msgs/msg/_path_pose.py
[2.685s] -- Installing: /home/zuriel/puzzlebot_challenges/install/my_custom_msgs/local/lib/python3.10/dist-packages/my_custom_msgs/msg/__init__.py
[2.685s] -- Installing: /home/zuriel/puzzlebot_challenges/install/my_custom_msgs/local/lib/python3.10/dist-packages/my_custom_msgs/libmy_custom_msgs__rosidl_generator_py.so
[2.685s] -- Installing: /home/zuriel/puzzlebot_challenges/install/my_custom_msgs/local/lib/python3.10/dist-packages/my_custom_msgs/_my_custom_msgs_s.ep.rosidl_typesupport_fastrtps_c.c
[2.685s] -- Installing: /home/zuriel/puzzlebot_challenges/install/my_custom_msgs/local/lib/python3.10/dist-packages/my_custom_msgs/__init__.py
[2.685s] -- Installing: /home/zuriel/puzzlebot_challenges/install/my_custom_msgs/local/lib/python3.10/dist-packages/my_custom_msgs/my_custom_msgs_s__rosidl_typesupport_c.cpython-310-x86_64-linux-gnu.so
[2.802s] Listing '/home/zuriel/puzzlebot_challenges/install/my_custom_msgs/local/lib/python3.10/dist-packages/my_custom_msgs'...
[2.802s] Compiling '/home/zuriel/puzzlebot_challenges/install/my_custom_msgs/local/lib/python3.10/dist-packages/my_custom_msgs/__init__.py'...
[2.802s] Listing '/home/zuriel/puzzlebot_challenges/install/my_custom_msgs/local/lib/python3.10/dist-packages/my_custom_msgs/msg'...
[2.802s] Compiling '/home/zuriel/puzzlebot_challenges/install/my_custom_msgs/local/lib/python3.10/dist-packages/my_custom_msgs/msg/__init__.py'...
[2.802s] Compiling '/home/zuriel/puzzlebot_challenges/install/my_custom_msgs/local/lib/python3.10/dist-packages/my_custom_msgs/msg/_path_pose.py'...
[2.805s] -- Installing: /home/zuriel/puzzlebot_challenges/install/my_custom_msgs/local/lib/python3.10/dist-packages/my_custom_msgs/my_custom_msgs_s__rosidl_typesupport_fastrtps_c.cpython-310-x86_64-linux-gnu.so
[2.805s] -- Set runtime path of "/home/zuriel/puzzlebot_challenges/install/my_custom_msgs/local/lib/python3.10/dist-packages/my_custom_msgs/my_custom_msgs_s__rosidl_typesupport_fastrtps_c.cpython-310-x86_64-linux-gnu.so" to ""
[2.806s] -- Installing: /home/zuriel/puzzlebot_challenges/install/my_custom_msgs/local/lib/python3.10/dist-packages/my_custom_msgs/my_custom_msgs_s__rosidl_typesupport_introspection_c.cpython-310-x86_64-linux-gnu.so
[2.806s] -- Set runtime path of "/home/zuriel/puzzlebot_challenges/install/my_custom_msgs/local/lib/python3.10/dist-packages/my_custom_msgs/my_custom_msgs_s__rosidl_typesupport_introspection_c.cpython-310-x86_64-linux-gnu.so" to ""
[2.806s] -- Installing: /home/zuriel/puzzlebot_challenges/install/my_custom_msgs/local/lib/python3.10/dist-packages/my_custom_msgs/my_custom_msgs_s__rosidl_typesupport_c.cpython-310-x86_64-linux-gnu.so
[2.806s] -- Set runtime path of "/home/zuriel/puzzlebot_challenges/install/my_custom_msgs/local/lib/python3.10/dist-packages/my_custom_msgs/my_custom_msgs_s__rosidl_typesupport_c.cpython-310-x86_64-linux-gnu.so" to ""
[2.806s] -- Installing: /home/zuriel/puzzlebot_challenges/install/my_custom_msgs/lib/libmy_custom_msgs__rosidl_generator_py.so
[2.806s] -- Set runtime path of "/home/zuriel/puzzlebot_challenges/install/my_custom_msgs/lib/libmy_custom_msgs__rosidl_generator_py.so" to ""
[2.806s] -- Up-to-date: /home/zuriel/puzzlebot_challenges/install/my_custom_msgs/share/my_custom_msgs/msg/PathPose.idl
[2.806s] -- Up-to-date: /home/zuriel/puzzlebot_challenges/install/my_custom_msgs/share/my_custom_msgs/msg/PathPose.msg
[2.807s] -- Up-to-date: /home/zuriel/puzzlebot_challenges/install/my_custom_msgs/share/ament_index/resource_index/package_run_dependencies/my_custom_msgs
[2.807s] -- Up-to-date: /home/zuriel/puzzlebot_challenges/install/my_custom_msgs/share/ament_index/resource_index/parent_prefix_path/my_custom_msgs
[2.807s] -- Up-to-date: /home/zuriel/puzzlebot_challenges/install/my_custom_msgs/share/my_custom_msgs/environment/ament_prefix_path.sh
[2.807s] -- Installing: /home/zuriel/puzzlebot_challenges/install/my_custom_msgs/share/my_custom_msgs/environment/ament_prefix_path.dsv
[2.807s] -- Up-to-date: /home/zuriel/puzzlebot_challenges/install/my_custom_msgs/share/my_custom_msgs/environment/path.sh
[2.807s] -- Installing: /home/zuriel/puzzlebot_challenges/install/my_custom_msgs/share/my_custom_msgs/environment/path.dsv
[2.807s] -- Up-to-date: /home/zuriel/puzzlebot_challenges/install/my_custom_msgs/share/my_custom_msgs/local_setup.bash
[2.807s] -- Installing: /home/zuriel/puzzlebot_challenges/install/my_custom_msgs/share/my_custom_msgs/local_setup.sh
[2.807s] -- Up-to-date: /home/zuriel/puzzlebot_challenges/install/my_custom_msgs/share/my_custom_msgs/local_setup.zsh
[2.807s] -- Installing: /home/zuriel/puzzlebot_challenges/install/my_custom_msgs/share/my_custom_msgs/local_setup.dsv
[2.807s] -- Installing: /home/zuriel/puzzlebot_challenges/install/my_custom_msgs/share/my_custom_msgs/package.dsv
[2.807s] -- Up-to-date: /home/zuriel/puzzlebot_challenges/install/my_custom_msgs/share/ament_index/resource_index/packages/my_custom_msgs
[2.807s] -- Up-to-date: /home/zuriel/puzzlebot_challenges/install/my_custom_msgs/share/my_custom_msgs/cmake/export_my_custom_msgs__rosidl_generator_cExport.cmake
[2.808s] -- Up-to-date: /home/zuriel/puzzlebot_challenges/install/my_custom_msgs/share/my_custom_msgs/cmake/export_my_custom_msgs__rosidl_generator_cExport-noconfig.cmake
[2.808s] -- Up-to-date: /home/zuriel/puzzlebot_challenges/install/my_custom_msgs/share/my_custom_msgs/cmake/export_my_custom_msgs__rosidl_typesupport_fastrtps_cExport.cmake
[2.808s] -- Up-to-date: /home/zuriel/puzzlebot_challenges/install/my_custom_msgs/share/my_custom_msgs/cmake/export_my_custom_msgs__rosidl_typesupport_fastrtps_cExport-noconfig.cmake
[2.808s] -- Up-to-date: /home/zuriel/puzzlebot_challenges/install/my_custom_msgs/share/my_custom_msgs/cmake/export_my_custom_msgs__rosidl_generator_cppExport.cmake
[2.808s] -- Up-to-date: /home/zuriel/puzzlebot_challenges/install/my_custom_msgs/share/my_custom_msgs/cmake/export_my_custom_msgs__rosidl_typesupport_fastrtps_cppExport.cmake
[2.808s] -- Up-to-date: /home/zuriel/puzzlebot_challenges/install/my_custom_msgs/share/my_custom_msgs/cmake/export_my_custom_msgs__rosidl_typesupport_fastrtps_cppExport-noconfig.cmake
[2.808s] -- Up-to-date: /home/zuriel/puzzlebot_challenges/install/my_custom_msgs/share/my_custom_msgs/cmake/my_custom_msgs__rosidl_typesupport_introspection_cExport.cmake
[2.808s] -- Up-to-date: /home/zuriel/puzzlebot_challenges/install/my_custom_msgs/share/my_custom_msgs/cmake/my_custom_msgs__rosidl_typesupport_introspection_cExport-noconfig.cmake
[2.808s] -- Up-to-date: /home/zuriel/puzzlebot_challenges/install/my_custom_msgs/share/my_custom_msgs/cmake/my_custom_msgs__rosidl_typesupport_cExport.cmake
[2.809s] -- Up-to-date: /home/zuriel/puzzlebot_challenges/install/my_custom_msgs/share/my_custom_msgs/cmake/my_custom_msgs__rosidl_typesupport_cExport-noconfig.cmake
[2.809s] -- Up-to-date: /home/zuriel/puzzlebot_challenges/install/my_custom_msgs/share/my_custom_msgs/cmake/my_custom_msgs__rosidl_typesupport_introspection_cppExport.cmake
[2.809s] -- Up-to-date: /home/zuriel/puzzlebot_challenges/install/my_custom_msgs/share/my_custom_msgs/cmake/my_custom_msgs__rosidl_typesupport_introspection_cppExport-noconfig.cmake
[2.809s] -- Up-to-date: /home/zuriel/puzzlebot_challenges/install/my_custom_msgs/share/my_custom_msgs/cmake/my_custom_msgs__rosidl_typesupport_cppExport.cmake
[2.809s] -- Up-to-date: /home/zuriel/puzzlebot_challenges/install/my_custom_msgs/share/my_custom_msgs/cmake/my_custom_msgs__rosidl_typesupport_cppExport-noconfig.cmake
[2.809s] -- Installing: /home/zuriel/puzzlebot_challenges/install/my_custom_msgs/share/my_custom_msgs/cmake/export_my_custom_msgs__rosidl_generator_pyExport.cmake
[2.809s] -- Installing: /home/zuriel/puzzlebot_challenges/install/my_custom_msgs/share/my_custom_msgs/cmake/export_my_custom_msgs__rosidl_generator_pyExport-noconfig.cmake
[2.810s] -- Up-to-date: /home/zuriel/puzzlebot_challenges/install/my_custom_msgs/share/my_custom_msgs/cmake/rosidl_cmake-extras.cmake
[2.810s] -- Up-to-date: /home/zuriel/puzzlebot_challenges/install/my_custom_msgs/share/my_custom_msgs/cmake/ament_cmake_export_dependencies-extras.cmake
[2.810s] -- Up-to-date: /home/zuriel/puzzlebot_challenges/install/my_custom_msgs/share/my_custom_msgs/cmake/ament_cmake_export_include_directories-extras.cmake
[2.810s] -- Up-to-date: /home/zuriel/puzzlebot_challenges/install/my_custom_msgs/share/my_custom_msgs/cmake/ament_cmake_export_libraries-extras.cmake
[2.810s] -- Installing: /home/zuriel/puzzlebot_challenges/install/my_custom_msgs/share/my_custom_msgs/cmake/ament_cmake_export_targets-extras.cmake
[2.810s] -- Installing: /home/zuriel/puzzlebot_challenges/install/my_custom_msgs/share/my_custom_msgs/cmake/rosidl_cmake_export_typesupport_targets-extras.cmake
[2.810s] -- Up-to-date: /home/zuriel/puzzlebot_challenges/install/my_custom_msgs/share/my_custom_msgs/cmake/rosidl_cmake_export_typesupport_libraries-extras.cmake
[2.810s] -- Up-to-date: /home/zuriel/puzzlebot_challenges/install/my_custom_msgs/share/my_custom_msgs/cmake/my_custom_msgsConfig.cmake
[2.810s] -- Up-to-date: /home/zuriel/puzzlebot_challenges/install/my_custom_msgs/share/my_custom_msgs/cmake/my_custom_msgsConfig-version.cmake
[2.810s] -- Up-to-date: /home/zuriel/puzzlebot_challenges/install/my_custom_msgs/share/my_custom_msgs/package.xml
[2.810s] Invoked command in '/home/zuriel/puzzlebot_challenges/build/my_custom_msgs' returned '0': CMAKE_PREFIX_PATH=${CMAKE_PREFIX_PATH}:/home/zuriel/puzzlebot_challenges/install/path_follower:/home/zuriel/turtlebot3_ws/install/turtlebot3_teleop:/home/zuriel/turtlebot3_ws/install/turtlebot3_example:/opt/ros/humble /usr/bin/cmake --install /home/zuriel/puzzlebot_challenges/build/my_custom_msgs
