[ 13%] Built target my_custom_msgs__rosidl_generator_c
[ 18%] Built target my_custom_msgs__cpp
[ 31%] Built target my_custom_msgs__rosidl_typesupport_introspection_c
[ 45%] Built target my_custom_msgs__rosidl_typesupport_c
[ 59%] Built target my_custom_msgs__rosidl_typesupport_fastrtps_c
[ 72%] Built target my_custom_msgs__rosidl_typesupport_introspection_cpp
[ 86%] Built target my_custom_msgs__rosidl_typesupport_fastrtps_cpp
[100%] Built target my_custom_msgs__rosidl_typesupport_cpp
[100%] Built target my_custom_msgs
-- Install configuration: ""
-- Up-to-date: /home/zuriel/puzzlebot_challenges/install/my_custom_msgs/share/ament_index/resource_index/rosidl_interfaces/my_custom_msgs
-- Up-to-date: /home/zuriel/puzzlebot_challenges/install/my_custom_msgs/include/my_custom_msgs/my_custom_msgs
-- Up-to-date: /home/zuriel/puzzlebot_challenges/install/my_custom_msgs/include/my_custom_msgs/my_custom_msgs/msg
-- Up-to-date: /home/zuriel/puzzlebot_challenges/install/my_custom_msgs/include/my_custom_msgs/my_custom_msgs/msg/rosidl_generator_c__visibility_control.h
-- Up-to-date: /home/zuriel/puzzlebot_challenges/install/my_custom_msgs/include/my_custom_msgs/my_custom_msgs/msg/detail
-- Up-to-date: /home/zuriel/puzzlebot_challenges/install/my_custom_msgs/include/my_custom_msgs/my_custom_msgs/msg/detail/path_pose__functions.h
-- Up-to-date: /home/zuriel/puzzlebot_challenges/install/my_custom_msgs/include/my_custom_msgs/my_custom_msgs/msg/detail/path_pose__functions.c
-- Up-to-date: /home/zuriel/puzzlebot_challenges/install/my_custom_msgs/include/my_custom_msgs/my_custom_msgs/msg/detail/path_pose__type_support.h
-- Up-to-date: /home/zuriel/puzzlebot_challenges/install/my_custom_msgs/include/my_custom_msgs/my_custom_msgs/msg/detail/path_pose__struct.h
-- Up-to-date: /home/zuriel/puzzlebot_challenges/install/my_custom_msgs/include/my_custom_msgs/my_custom_msgs/msg/path_pose.h
-- Up-to-date: /home/zuriel/puzzlebot_challenges/install/my_custom_msgs/share/my_custom_msgs/environment/library_path.sh
-- Up-to-date: /home/zuriel/puzzlebot_challenges/install/my_custom_msgs/share/my_custom_msgs/environment/library_path.dsv
-- Up-to-date: /home/zuriel/puzzlebot_challenges/install/my_custom_msgs/lib/libmy_custom_msgs__rosidl_generator_c.so
-- Up-to-date: /home/zuriel/puzzlebot_challenges/install/my_custom_msgs/include/my_custom_msgs/my_custom_msgs
-- Up-to-date: /home/zuriel/puzzlebot_challenges/install/my_custom_msgs/include/my_custom_msgs/my_custom_msgs/msg
-- Up-to-date: /home/zuriel/puzzlebot_challenges/install/my_custom_msgs/include/my_custom_msgs/my_custom_msgs/msg/rosidl_typesupport_fastrtps_c__visibility_control.h
-- Up-to-date: /home/zuriel/puzzlebot_challenges/install/my_custom_msgs/include/my_custom_msgs/my_custom_msgs/msg/detail
-- Up-to-date: /home/zuriel/puzzlebot_challenges/install/my_custom_msgs/include/my_custom_msgs/my_custom_msgs/msg/detail/path_pose__rosidl_typesupport_fastrtps_c.h
-- Up-to-date: /home/zuriel/puzzlebot_challenges/install/my_custom_msgs/lib/libmy_custom_msgs__rosidl_typesupport_fastrtps_c.so
-- Up-to-date: /home/zuriel/puzzlebot_challenges/install/my_custom_msgs/include/my_custom_msgs/my_custom_msgs
-- Up-to-date: /home/zuriel/puzzlebot_challenges/install/my_custom_msgs/include/my_custom_msgs/my_custom_msgs/msg
-- Up-to-date: /home/zuriel/puzzlebot_challenges/install/my_custom_msgs/include/my_custom_msgs/my_custom_msgs/msg/path_pose.hpp
-- Up-to-date: /home/zuriel/puzzlebot_challenges/install/my_custom_msgs/include/my_custom_msgs/my_custom_msgs/msg/detail
-- Up-to-date: /home/zuriel/puzzlebot_challenges/install/my_custom_msgs/include/my_custom_msgs/my_custom_msgs/msg/detail/path_pose__builder.hpp
-- Up-to-date: /home/zuriel/puzzlebot_challenges/install/my_custom_msgs/include/my_custom_msgs/my_custom_msgs/msg/detail/path_pose__traits.hpp
-- Up-to-date: /home/zuriel/puzzlebot_challenges/install/my_custom_msgs/include/my_custom_msgs/my_custom_msgs/msg/detail/path_pose__struct.hpp
-- Up-to-date: /home/zuriel/puzzlebot_challenges/install/my_custom_msgs/include/my_custom_msgs/my_custom_msgs/msg/detail/path_pose__type_support.hpp
-- Up-to-date: /home/zuriel/puzzlebot_challenges/install/my_custom_msgs/include/my_custom_msgs/my_custom_msgs/msg/rosidl_generator_cpp__visibility_control.hpp
-- Up-to-date: /home/zuriel/puzzlebot_challenges/install/my_custom_msgs/include/my_custom_msgs/my_custom_msgs
-- Up-to-date: /home/zuriel/puzzlebot_challenges/install/my_custom_msgs/include/my_custom_msgs/my_custom_msgs/msg
-- Up-to-date: /home/zuriel/puzzlebot_challenges/install/my_custom_msgs/include/my_custom_msgs/my_custom_msgs/msg/rosidl_typesupport_fastrtps_cpp__visibility_control.h
-- Up-to-date: /home/zuriel/puzzlebot_challenges/install/my_custom_msgs/include/my_custom_msgs/my_custom_msgs/msg/detail
-- Up-to-date: /home/zuriel/puzzlebot_challenges/install/my_custom_msgs/include/my_custom_msgs/my_custom_msgs/msg/detail/path_pose__rosidl_typesupport_fastrtps_cpp.hpp
-- Up-to-date: /home/zuriel/puzzlebot_challenges/install/my_custom_msgs/include/my_custom_msgs/my_custom_msgs/msg/detail/dds_fastrtps
-- Up-to-date: /home/zuriel/puzzlebot_challenges/install/my_custom_msgs/lib/libmy_custom_msgs__rosidl_typesupport_fastrtps_cpp.so
-- Up-to-date: /home/zuriel/puzzlebot_challenges/install/my_custom_msgs/include/my_custom_msgs/my_custom_msgs
-- Up-to-date: /home/zuriel/puzzlebot_challenges/install/my_custom_msgs/include/my_custom_msgs/my_custom_msgs/msg
-- Up-to-date: /home/zuriel/puzzlebot_challenges/install/my_custom_msgs/include/my_custom_msgs/my_custom_msgs/msg/rosidl_typesupport_introspection_c__visibility_control.h
-- Up-to-date: /home/zuriel/puzzlebot_challenges/install/my_custom_msgs/include/my_custom_msgs/my_custom_msgs/msg/detail
-- Up-to-date: /home/zuriel/puzzlebot_challenges/install/my_custom_msgs/include/my_custom_msgs/my_custom_msgs/msg/detail/path_pose__rosidl_typesupport_introspection_c.h
-- Up-to-date: /home/zuriel/puzzlebot_challenges/install/my_custom_msgs/include/my_custom_msgs/my_custom_msgs/msg/detail/path_pose__type_support.c
-- Up-to-date: /home/zuriel/puzzlebot_challenges/install/my_custom_msgs/lib/libmy_custom_msgs__rosidl_typesupport_introspection_c.so
-- Up-to-date: /home/zuriel/puzzlebot_challenges/install/my_custom_msgs/lib/libmy_custom_msgs__rosidl_typesupport_c.so
-- Up-to-date: /home/zuriel/puzzlebot_challenges/install/my_custom_msgs/include/my_custom_msgs/my_custom_msgs
-- Up-to-date: /home/zuriel/puzzlebot_challenges/install/my_custom_msgs/include/my_custom_msgs/my_custom_msgs/msg
-- Up-to-date: /home/zuriel/puzzlebot_challenges/install/my_custom_msgs/include/my_custom_msgs/my_custom_msgs/msg/detail
-- Up-to-date: /home/zuriel/puzzlebot_challenges/install/my_custom_msgs/include/my_custom_msgs/my_custom_msgs/msg/detail/path_pose__rosidl_typesupport_introspection_cpp.hpp
-- Up-to-date: /home/zuriel/puzzlebot_challenges/install/my_custom_msgs/include/my_custom_msgs/my_custom_msgs/msg/detail/path_pose__type_support.cpp
-- Up-to-date: /home/zuriel/puzzlebot_challenges/install/my_custom_msgs/lib/libmy_custom_msgs__rosidl_typesupport_introspection_cpp.so
-- Up-to-date: /home/zuriel/puzzlebot_challenges/install/my_custom_msgs/lib/libmy_custom_msgs__rosidl_typesupport_cpp.so
-- Up-to-date: /home/zuriel/puzzlebot_challenges/install/my_custom_msgs/share/my_custom_msgs/msg/PathPose.idl
-- Up-to-date: /home/zuriel/puzzlebot_challenges/install/my_custom_msgs/share/my_custom_msgs/msg/PathPose.msg
-- Up-to-date: /home/zuriel/puzzlebot_challenges/install/my_custom_msgs/share/ament_index/resource_index/package_run_dependencies/my_custom_msgs
-- Up-to-date: /home/zuriel/puzzlebot_challenges/install/my_custom_msgs/share/ament_index/resource_index/parent_prefix_path/my_custom_msgs
-- Up-to-date: /home/zuriel/puzzlebot_challenges/install/my_custom_msgs/share/my_custom_msgs/environment/ament_prefix_path.sh
-- Up-to-date: /home/zuriel/puzzlebot_challenges/install/my_custom_msgs/share/my_custom_msgs/environment/ament_prefix_path.dsv
-- Up-to-date: /home/zuriel/puzzlebot_challenges/install/my_custom_msgs/share/my_custom_msgs/environment/path.sh
-- Up-to-date: /home/zuriel/puzzlebot_challenges/install/my_custom_msgs/share/my_custom_msgs/environment/path.dsv
-- Up-to-date: /home/zuriel/puzzlebot_challenges/install/my_custom_msgs/share/my_custom_msgs/local_setup.bash
-- Up-to-date: /home/zuriel/puzzlebot_challenges/install/my_custom_msgs/share/my_custom_msgs/local_setup.sh
-- Up-to-date: /home/zuriel/puzzlebot_challenges/install/my_custom_msgs/share/my_custom_msgs/local_setup.zsh
-- Up-to-date: /home/zuriel/puzzlebot_challenges/install/my_custom_msgs/share/my_custom_msgs/local_setup.dsv
-- Up-to-date: /home/zuriel/puzzlebot_challenges/install/my_custom_msgs/share/my_custom_msgs/package.dsv
-- Up-to-date: /home/zuriel/puzzlebot_challenges/install/my_custom_msgs/share/ament_index/resource_index/packages/my_custom_msgs
-- Up-to-date: /home/zuriel/puzzlebot_challenges/install/my_custom_msgs/share/my_custom_msgs/cmake/export_my_custom_msgs__rosidl_generator_cExport.cmake
-- Up-to-date: /home/zuriel/puzzlebot_challenges/install/my_custom_msgs/share/my_custom_msgs/cmake/export_my_custom_msgs__rosidl_generator_cExport-noconfig.cmake
-- Up-to-date: /home/zuriel/puzzlebot_challenges/install/my_custom_msgs/share/my_custom_msgs/cmake/export_my_custom_msgs__rosidl_typesupport_fastrtps_cExport.cmake
-- Up-to-date: /home/zuriel/puzzlebot_challenges/install/my_custom_msgs/share/my_custom_msgs/cmake/export_my_custom_msgs__rosidl_typesupport_fastrtps_cExport-noconfig.cmake
-- Up-to-date: /home/zuriel/puzzlebot_challenges/install/my_custom_msgs/share/my_custom_msgs/cmake/export_my_custom_msgs__rosidl_generator_cppExport.cmake
-- Up-to-date: /home/zuriel/puzzlebot_challenges/install/my_custom_msgs/share/my_custom_msgs/cmake/export_my_custom_msgs__rosidl_typesupport_fastrtps_cppExport.cmake
-- Up-to-date: /home/zuriel/puzzlebot_challenges/install/my_custom_msgs/share/my_custom_msgs/cmake/export_my_custom_msgs__rosidl_typesupport_fastrtps_cppExport-noconfig.cmake
-- Up-to-date: /home/zuriel/puzzlebot_challenges/install/my_custom_msgs/share/my_custom_msgs/cmake/my_custom_msgs__rosidl_typesupport_introspection_cExport.cmake
-- Up-to-date: /home/zuriel/puzzlebot_challenges/install/my_custom_msgs/share/my_custom_msgs/cmake/my_custom_msgs__rosidl_typesupport_introspection_cExport-noconfig.cmake
-- Up-to-date: /home/zuriel/puzzlebot_challenges/install/my_custom_msgs/share/my_custom_msgs/cmake/my_custom_msgs__rosidl_typesupport_cExport.cmake
-- Up-to-date: /home/zuriel/puzzlebot_challenges/install/my_custom_msgs/share/my_custom_msgs/cmake/my_custom_msgs__rosidl_typesupport_cExport-noconfig.cmake
-- Up-to-date: /home/zuriel/puzzlebot_challenges/install/my_custom_msgs/share/my_custom_msgs/cmake/my_custom_msgs__rosidl_typesupport_introspection_cppExport.cmake
-- Up-to-date: /home/zuriel/puzzlebot_challenges/install/my_custom_msgs/share/my_custom_msgs/cmake/my_custom_msgs__rosidl_typesupport_introspection_cppExport-noconfig.cmake
-- Up-to-date: /home/zuriel/puzzlebot_challenges/install/my_custom_msgs/share/my_custom_msgs/cmake/my_custom_msgs__rosidl_typesupport_cppExport.cmake
-- Up-to-date: /home/zuriel/puzzlebot_challenges/install/my_custom_msgs/share/my_custom_msgs/cmake/my_custom_msgs__rosidl_typesupport_cppExport-noconfig.cmake
-- Up-to-date: /home/zuriel/puzzlebot_challenges/install/my_custom_msgs/share/my_custom_msgs/cmake/rosidl_cmake-extras.cmake
-- Up-to-date: /home/zuriel/puzzlebot_challenges/install/my_custom_msgs/share/my_custom_msgs/cmake/ament_cmake_export_dependencies-extras.cmake
-- Up-to-date: /home/zuriel/puzzlebot_challenges/install/my_custom_msgs/share/my_custom_msgs/cmake/ament_cmake_export_include_directories-extras.cmake
-- Up-to-date: /home/zuriel/puzzlebot_challenges/install/my_custom_msgs/share/my_custom_msgs/cmake/ament_cmake_export_libraries-extras.cmake
-- Up-to-date: /home/zuriel/puzzlebot_challenges/install/my_custom_msgs/share/my_custom_msgs/cmake/ament_cmake_export_targets-extras.cmake
-- Up-to-date: /home/zuriel/puzzlebot_challenges/install/my_custom_msgs/share/my_custom_msgs/cmake/rosidl_cmake_export_typesupport_targets-extras.cmake
-- Up-to-date: /home/zuriel/puzzlebot_challenges/install/my_custom_msgs/share/my_custom_msgs/cmake/rosidl_cmake_export_typesupport_libraries-extras.cmake
-- Up-to-date: /home/zuriel/puzzlebot_challenges/install/my_custom_msgs/share/my_custom_msgs/cmake/my_custom_msgsConfig.cmake
-- Up-to-date: /home/zuriel/puzzlebot_challenges/install/my_custom_msgs/share/my_custom_msgs/cmake/my_custom_msgsConfig-version.cmake
-- Up-to-date: /home/zuriel/puzzlebot_challenges/install/my_custom_msgs/share/my_custom_msgs/package.xml
