[0.008s] Invoking command in '/home/zuriel/puzzlebot_challenges/build/my_custom_msgs': CMAKE_PREFIX_PATH=${CMAKE_PREFIX_PATH}:/home/zuriel/puzzlebot_challenges/install/path_follower:/home/zuriel/turtlebot3_ws/install/turtlebot3_teleop:/home/zuriel/turtlebot3_ws/install/turtlebot3_example:/opt/ros/humble /usr/bin/cmake --build /home/zuriel/puzzlebot_challenges/build/my_custom_msgs -- -j32 -l32
[0.057s] [ 13%] Built target my_custom_msgs__rosidl_generator_c
[0.060s] [ 18%] Built target my_custom_msgs__cpp
[0.074s] [ 31%] Built target my_custom_msgs__rosidl_typesupport_introspection_c
[0.075s] [ 45%] Built target my_custom_msgs__rosidl_typesupport_c
[0.076s] [ 59%] Built target my_custom_msgs__rosidl_typesupport_fastrtps_c
[0.077s] [ 72%] Built target my_custom_msgs__rosidl_typesupport_introspection_cpp
[0.077s] [ 86%] Built target my_custom_msgs__rosidl_typesupport_fastrtps_cpp
[0.079s] [100%] Built target my_custom_msgs__rosidl_typesupport_cpp
[0.094s] [100%] Built target my_custom_msgs
[0.103s] Invoked command in '/home/zuriel/puzzlebot_challenges/build/my_custom_msgs' returned '0': CMAKE_PREFIX_PATH=${CMAKE_PREFIX_PATH}:/home/zuriel/puzzlebot_challenges/install/path_follower:/home/zuriel/turtlebot3_ws/install/turtlebot3_teleop:/home/zuriel/turtlebot3_ws/install/turtlebot3_example:/opt/ros/humble /usr/bin/cmake --build /home/zuriel/puzzlebot_challenges/build/my_custom_msgs -- -j32 -l32
[0.112s] Invoking command in '/home/zuriel/puzzlebot_challenges/build/my_custom_msgs': CMAKE_PREFIX_PATH=${CMAKE_PREFIX_PATH}:/home/zuriel/puzzlebot_challenges/install/path_follower:/home/zuriel/turtlebot3_ws/install/turtlebot3_teleop:/home/zuriel/turtlebot3_ws/install/turtlebot3_example:/opt/ros/humble /usr/bin/cmake --install /home/zuriel/puzzlebot_challenges/build/my_custom_msgs
[0.119s] -- Install configuration: ""
[0.119s] -- Up-to-date: /home/zuriel/puzzlebot_challenges/install/my_custom_msgs/share/ament_index/resource_index/rosidl_interfaces/my_custom_msgs
[0.119s] -- Up-to-date: /home/zuriel/puzzlebot_challenges/install/my_custom_msgs/include/my_custom_msgs/my_custom_msgs
[0.119s] -- Up-to-date: /home/zuriel/puzzlebot_challenges/install/my_custom_msgs/include/my_custom_msgs/my_custom_msgs/msg
[0.120s] -- Up-to-date: /home/zuriel/puzzlebot_challenges/install/my_custom_msgs/include/my_custom_msgs/my_custom_msgs/msg/rosidl_generator_c__visibility_control.h
[0.120s] -- Up-to-date: /home/zuriel/puzzlebot_challenges/install/my_custom_msgs/include/my_custom_msgs/my_custom_msgs/msg/detail
[0.120s] -- Up-to-date: /home/zuriel/puzzlebot_challenges/install/my_custom_msgs/include/my_custom_msgs/my_custom_msgs/msg/detail/path_pose__functions.h
[0.120s] -- Up-to-date: /home/zuriel/puzzlebot_challenges/install/my_custom_msgs/include/my_custom_msgs/my_custom_msgs/msg/detail/path_pose__functions.c
[0.120s] -- Up-to-date: /home/zuriel/puzzlebot_challenges/install/my_custom_msgs/include/my_custom_msgs/my_custom_msgs/msg/detail/path_pose__type_support.h
[0.120s] -- Up-to-date: /home/zuriel/puzzlebot_challenges/install/my_custom_msgs/include/my_custom_msgs/my_custom_msgs/msg/detail/path_pose__struct.h
[0.120s] -- Up-to-date: /home/zuriel/puzzlebot_challenges/install/my_custom_msgs/include/my_custom_msgs/my_custom_msgs/msg/path_pose.h
[0.120s] -- Up-to-date: /home/zuriel/puzzlebot_challenges/install/my_custom_msgs/share/my_custom_msgs/environment/library_path.sh
[0.120s] -- Up-to-date: /home/zuriel/puzzlebot_challenges/install/my_custom_msgs/share/my_custom_msgs/environment/library_path.dsv
[0.120s] -- Up-to-date: /home/zuriel/puzzlebot_challenges/install/my_custom_msgs/lib/libmy_custom_msgs__rosidl_generator_c.so
[0.120s] -- Up-to-date: /home/zuriel/puzzlebot_challenges/install/my_custom_msgs/include/my_custom_msgs/my_custom_msgs
[0.121s] -- Up-to-date: /home/zuriel/puzzlebot_challenges/install/my_custom_msgs/include/my_custom_msgs/my_custom_msgs/msg
[0.121s] -- Up-to-date: /home/zuriel/puzzlebot_challenges/install/my_custom_msgs/include/my_custom_msgs/my_custom_msgs/msg/rosidl_typesupport_fastrtps_c__visibility_control.h
[0.121s] -- Up-to-date: /home/zuriel/puzzlebot_challenges/install/my_custom_msgs/include/my_custom_msgs/my_custom_msgs/msg/detail
[0.121s] -- Up-to-date: /home/zuriel/puzzlebot_challenges/install/my_custom_msgs/include/my_custom_msgs/my_custom_msgs/msg/detail/path_pose__rosidl_typesupport_fastrtps_c.h
[0.121s] -- Up-to-date: /home/zuriel/puzzlebot_challenges/install/my_custom_msgs/lib/libmy_custom_msgs__rosidl_typesupport_fastrtps_c.so
[0.121s] -- Up-to-date: /home/zuriel/puzzlebot_challenges/install/my_custom_msgs/include/my_custom_msgs/my_custom_msgs
[0.121s] -- Up-to-date: /home/zuriel/puzzlebot_challenges/install/my_custom_msgs/include/my_custom_msgs/my_custom_msgs/msg
[0.121s] -- Up-to-date: /home/zuriel/puzzlebot_challenges/install/my_custom_msgs/include/my_custom_msgs/my_custom_msgs/msg/path_pose.hpp
[0.121s] -- Up-to-date: /home/zuriel/puzzlebot_challenges/install/my_custom_msgs/include/my_custom_msgs/my_custom_msgs/msg/detail
[0.122s] -- Up-to-date: /home/zuriel/puzzlebot_challenges/install/my_custom_msgs/include/my_custom_msgs/my_custom_msgs/msg/detail/path_pose__builder.hpp
[0.122s] -- Up-to-date: /home/zuriel/puzzlebot_challenges/install/my_custom_msgs/include/my_custom_msgs/my_custom_msgs/msg/detail/path_pose__traits.hpp
[0.122s] -- Up-to-date: /home/zuriel/puzzlebot_challenges/install/my_custom_msgs/include/my_custom_msgs/my_custom_msgs/msg/detail/path_pose__struct.hpp
[0.122s] -- Up-to-date: /home/zuriel/puzzlebot_challenges/install/my_custom_msgs/include/my_custom_msgs/my_custom_msgs/msg/detail/path_pose__type_support.hpp
[0.122s] -- Up-to-date: /home/zuriel/puzzlebot_challenges/install/my_custom_msgs/include/my_custom_msgs/my_custom_msgs/msg/rosidl_generator_cpp__visibility_control.hpp
[0.122s] -- Up-to-date: /home/zuriel/puzzlebot_challenges/install/my_custom_msgs/include/my_custom_msgs/my_custom_msgs
[0.122s] -- Up-to-date: /home/zuriel/puzzlebot_challenges/install/my_custom_msgs/include/my_custom_msgs/my_custom_msgs/msg
[0.122s] -- Up-to-date: /home/zuriel/puzzlebot_challenges/install/my_custom_msgs/include/my_custom_msgs/my_custom_msgs/msg/rosidl_typesupport_fastrtps_cpp__visibility_control.h
[0.122s] -- Up-to-date: /home/zuriel/puzzlebot_challenges/install/my_custom_msgs/include/my_custom_msgs/my_custom_msgs/msg/detail
[0.122s] -- Up-to-date: /home/zuriel/puzzlebot_challenges/install/my_custom_msgs/include/my_custom_msgs/my_custom_msgs/msg/detail/path_pose__rosidl_typesupport_fastrtps_cpp.hpp
[0.122s] -- Up-to-date: /home/zuriel/puzzlebot_challenges/install/my_custom_msgs/include/my_custom_msgs/my_custom_msgs/msg/detail/dds_fastrtps
[0.122s] -- Up-to-date: /home/zuriel/puzzlebot_challenges/install/my_custom_msgs/lib/libmy_custom_msgs__rosidl_typesupport_fastrtps_cpp.so
[0.122s] -- Up-to-date: /home/zuriel/puzzlebot_challenges/install/my_custom_msgs/include/my_custom_msgs/my_custom_msgs
[0.122s] -- Up-to-date: /home/zuriel/puzzlebot_challenges/install/my_custom_msgs/include/my_custom_msgs/my_custom_msgs/msg
[0.122s] -- Up-to-date: /home/zuriel/puzzlebot_challenges/install/my_custom_msgs/include/my_custom_msgs/my_custom_msgs/msg/rosidl_typesupport_introspection_c__visibility_control.h
[0.122s] -- Up-to-date: /home/zuriel/puzzlebot_challenges/install/my_custom_msgs/include/my_custom_msgs/my_custom_msgs/msg/detail
[0.122s] -- Up-to-date: /home/zuriel/puzzlebot_challenges/install/my_custom_msgs/include/my_custom_msgs/my_custom_msgs/msg/detail/path_pose__rosidl_typesupport_introspection_c.h
[0.122s] -- Up-to-date: /home/zuriel/puzzlebot_challenges/install/my_custom_msgs/include/my_custom_msgs/my_custom_msgs/msg/detail/path_pose__type_support.c
[0.122s] -- Up-to-date: /home/zuriel/puzzlebot_challenges/install/my_custom_msgs/lib/libmy_custom_msgs__rosidl_typesupport_introspection_c.so
[0.122s] -- Up-to-date: /home/zuriel/puzzlebot_challenges/install/my_custom_msgs/lib/libmy_custom_msgs__rosidl_typesupport_c.so
[0.122s] -- Up-to-date: /home/zuriel/puzzlebot_challenges/install/my_custom_msgs/include/my_custom_msgs/my_custom_msgs
[0.122s] -- Up-to-date: /home/zuriel/puzzlebot_challenges/install/my_custom_msgs/include/my_custom_msgs/my_custom_msgs/msg
[0.123s] -- Up-to-date: /home/zuriel/puzzlebot_challenges/install/my_custom_msgs/include/my_custom_msgs/my_custom_msgs/msg/detail
[0.123s] -- Up-to-date: /home/zuriel/puzzlebot_challenges/install/my_custom_msgs/include/my_custom_msgs/my_custom_msgs/msg/detail/path_pose__rosidl_typesupport_introspection_cpp.hpp
[0.123s] -- Up-to-date: /home/zuriel/puzzlebot_challenges/install/my_custom_msgs/include/my_custom_msgs/my_custom_msgs/msg/detail/path_pose__type_support.cpp
[0.123s] -- Up-to-date: /home/zuriel/puzzlebot_challenges/install/my_custom_msgs/lib/libmy_custom_msgs__rosidl_typesupport_introspection_cpp.so
[0.123s] -- Up-to-date: /home/zuriel/puzzlebot_challenges/install/my_custom_msgs/lib/libmy_custom_msgs__rosidl_typesupport_cpp.so
[0.123s] -- Up-to-date: /home/zuriel/puzzlebot_challenges/install/my_custom_msgs/share/my_custom_msgs/msg/PathPose.idl
[0.123s] -- Up-to-date: /home/zuriel/puzzlebot_challenges/install/my_custom_msgs/share/my_custom_msgs/msg/PathPose.msg
[0.123s] -- Up-to-date: /home/zuriel/puzzlebot_challenges/install/my_custom_msgs/share/ament_index/resource_index/package_run_dependencies/my_custom_msgs
[0.123s] -- Up-to-date: /home/zuriel/puzzlebot_challenges/install/my_custom_msgs/share/ament_index/resource_index/parent_prefix_path/my_custom_msgs
[0.123s] -- Up-to-date: /home/zuriel/puzzlebot_challenges/install/my_custom_msgs/share/my_custom_msgs/environment/ament_prefix_path.sh
[0.123s] -- Up-to-date: /home/zuriel/puzzlebot_challenges/install/my_custom_msgs/share/my_custom_msgs/environment/ament_prefix_path.dsv
[0.123s] -- Up-to-date: /home/zuriel/puzzlebot_challenges/install/my_custom_msgs/share/my_custom_msgs/environment/path.sh
[0.123s] -- Up-to-date: /home/zuriel/puzzlebot_challenges/install/my_custom_msgs/share/my_custom_msgs/environment/path.dsv
[0.123s] -- Up-to-date: /home/zuriel/puzzlebot_challenges/install/my_custom_msgs/share/my_custom_msgs/local_setup.bash
[0.123s] -- Up-to-date: /home/zuriel/puzzlebot_challenges/install/my_custom_msgs/share/my_custom_msgs/local_setup.sh
[0.123s] -- Up-to-date: /home/zuriel/puzzlebot_challenges/install/my_custom_msgs/share/my_custom_msgs/local_setup.zsh
[0.123s] -- Up-to-date: /home/zuriel/puzzlebot_challenges/install/my_custom_msgs/share/my_custom_msgs/local_setup.dsv
[0.123s] -- Up-to-date: /home/zuriel/puzzlebot_challenges/install/my_custom_msgs/share/my_custom_msgs/package.dsv
[0.123s] -- Up-to-date: /home/zuriel/puzzlebot_challenges/install/my_custom_msgs/share/ament_index/resource_index/packages/my_custom_msgs
[0.123s] -- Up-to-date: /home/zuriel/puzzlebot_challenges/install/my_custom_msgs/share/my_custom_msgs/cmake/export_my_custom_msgs__rosidl_generator_cExport.cmake
[0.123s] -- Up-to-date: /home/zuriel/puzzlebot_challenges/install/my_custom_msgs/share/my_custom_msgs/cmake/export_my_custom_msgs__rosidl_generator_cExport-noconfig.cmake
[0.124s] -- Up-to-date: /home/zuriel/puzzlebot_challenges/install/my_custom_msgs/share/my_custom_msgs/cmake/export_my_custom_msgs__rosidl_typesupport_fastrtps_cExport.cmake
[0.124s] -- Up-to-date: /home/zuriel/puzzlebot_challenges/install/my_custom_msgs/share/my_custom_msgs/cmake/export_my_custom_msgs__rosidl_typesupport_fastrtps_cExport-noconfig.cmake
[0.124s] -- Up-to-date: /home/zuriel/puzzlebot_challenges/install/my_custom_msgs/share/my_custom_msgs/cmake/export_my_custom_msgs__rosidl_generator_cppExport.cmake
[0.124s] -- Up-to-date: /home/zuriel/puzzlebot_challenges/install/my_custom_msgs/share/my_custom_msgs/cmake/export_my_custom_msgs__rosidl_typesupport_fastrtps_cppExport.cmake
[0.124s] -- Up-to-date: /home/zuriel/puzzlebot_challenges/install/my_custom_msgs/share/my_custom_msgs/cmake/export_my_custom_msgs__rosidl_typesupport_fastrtps_cppExport-noconfig.cmake
[0.124s] -- Up-to-date: /home/zuriel/puzzlebot_challenges/install/my_custom_msgs/share/my_custom_msgs/cmake/my_custom_msgs__rosidl_typesupport_introspection_cExport.cmake
[0.124s] -- Up-to-date: /home/zuriel/puzzlebot_challenges/install/my_custom_msgs/share/my_custom_msgs/cmake/my_custom_msgs__rosidl_typesupport_introspection_cExport-noconfig.cmake
[0.125s] -- Up-to-date: /home/zuriel/puzzlebot_challenges/install/my_custom_msgs/share/my_custom_msgs/cmake/my_custom_msgs__rosidl_typesupport_cExport.cmake
[0.125s] -- Up-to-date: /home/zuriel/puzzlebot_challenges/install/my_custom_msgs/share/my_custom_msgs/cmake/my_custom_msgs__rosidl_typesupport_cExport-noconfig.cmake
[0.125s] -- Up-to-date: /home/zuriel/puzzlebot_challenges/install/my_custom_msgs/share/my_custom_msgs/cmake/my_custom_msgs__rosidl_typesupport_introspection_cppExport.cmake
[0.125s] -- Up-to-date: /home/zuriel/puzzlebot_challenges/install/my_custom_msgs/share/my_custom_msgs/cmake/my_custom_msgs__rosidl_typesupport_introspection_cppExport-noconfig.cmake
[0.125s] -- Up-to-date: /home/zuriel/puzzlebot_challenges/install/my_custom_msgs/share/my_custom_msgs/cmake/my_custom_msgs__rosidl_typesupport_cppExport.cmake
[0.125s] -- Up-to-date: /home/zuriel/puzzlebot_challenges/install/my_custom_msgs/share/my_custom_msgs/cmake/my_custom_msgs__rosidl_typesupport_cppExport-noconfig.cmake
[0.125s] -- Up-to-date: /home/zuriel/puzzlebot_challenges/install/my_custom_msgs/share/my_custom_msgs/cmake/rosidl_cmake-extras.cmake
[0.125s] -- Up-to-date: /home/zuriel/puzzlebot_challenges/install/my_custom_msgs/share/my_custom_msgs/cmake/ament_cmake_export_dependencies-extras.cmake
[0.125s] -- Up-to-date: /home/zuriel/puzzlebot_challenges/install/my_custom_msgs/share/my_custom_msgs/cmake/ament_cmake_export_include_directories-extras.cmake
[0.125s] -- Up-to-date: /home/zuriel/puzzlebot_challenges/install/my_custom_msgs/share/my_custom_msgs/cmake/ament_cmake_export_libraries-extras.cmake
[0.125s] -- Up-to-date: /home/zuriel/puzzlebot_challenges/install/my_custom_msgs/share/my_custom_msgs/cmake/ament_cmake_export_targets-extras.cmake
[0.125s] -- Up-to-date: /home/zuriel/puzzlebot_challenges/install/my_custom_msgs/share/my_custom_msgs/cmake/rosidl_cmake_export_typesupport_targets-extras.cmake
[0.125s] -- Up-to-date: /home/zuriel/puzzlebot_challenges/install/my_custom_msgs/share/my_custom_msgs/cmake/rosidl_cmake_export_typesupport_libraries-extras.cmake
[0.125s] -- Up-to-date: /home/zuriel/puzzlebot_challenges/install/my_custom_msgs/share/my_custom_msgs/cmake/my_custom_msgsConfig.cmake
[0.125s] -- Up-to-date: /home/zuriel/puzzlebot_challenges/install/my_custom_msgs/share/my_custom_msgs/cmake/my_custom_msgsConfig-version.cmake
[0.125s] -- Up-to-date: /home/zuriel/puzzlebot_challenges/install/my_custom_msgs/share/my_custom_msgs/package.xml
[0.125s] Invoked command in '/home/zuriel/puzzlebot_challenges/build/my_custom_msgs' returned '0': CMAKE_PREFIX_PATH=${CMAKE_PREFIX_PATH}:/home/zuriel/puzzlebot_challenges/install/path_follower:/home/zuriel/turtlebot3_ws/install/turtlebot3_teleop:/home/zuriel/turtlebot3_ws/install/turtlebot3_example:/opt/ros/humble /usr/bin/cmake --install /home/zuriel/puzzlebot_challenges/build/my_custom_msgs
