[0.290s] Invoking command in '/home/zuriel/puzzlebot_challenges/src/path_follower': PYTHONPATH=/home/zuriel/puzzlebot_challenges/build/path_follower/prefix_override:/usr/lib/python3/dist-packages/colcon_core/task/python/colcon_distutils_commands:/home/zuriel/puzzlebot_challenges/install/path_follower/lib/python3.10/site-packages:${PYTHONPATH} /usr/bin/python3 -W ignore:setup.py install is deprecated -W ignore:easy_install command is deprecated setup.py egg_info --egg-base ../../build/path_follower build --build-base /home/zuriel/puzzlebot_challenges/build/path_follower/build install --record /home/zuriel/puzzlebot_challenges/build/path_follower/install.log --single-version-externally-managed install_data
[0.390s] running egg_info
[0.390s] writing ../../build/path_follower/path_follower.egg-info/PKG-INFO
[0.390s] writing dependency_links to ../../build/path_follower/path_follower.egg-info/dependency_links.txt
[0.390s] writing entry points to ../../build/path_follower/path_follower.egg-info/entry_points.txt
[0.390s] writing requirements to ../../build/path_follower/path_follower.egg-info/requires.txt
[0.390s] writing top-level names to ../../build/path_follower/path_follower.egg-info/top_level.txt
[0.391s] reading manifest file '../../build/path_follower/path_follower.egg-info/SOURCES.txt'
[0.392s] writing manifest file '../../build/path_follower/path_follower.egg-info/SOURCES.txt'
[0.392s] running build
[0.392s] running build_py
[0.392s] copying path_follower/closed_loop_controller.py -> /home/zuriel/puzzlebot_challenges/build/path_follower/build/lib/path_follower
[0.392s] running install
[0.392s] running install_lib
[0.392s] copying /home/zuriel/puzzlebot_challenges/build/path_follower/build/lib/path_follower/closed_loop_controller.py -> /home/zuriel/puzzlebot_challenges/install/path_follower/lib/python3.10/site-packages/path_follower
[0.393s] byte-compiling /home/zuriel/puzzlebot_challenges/install/path_follower/lib/python3.10/site-packages/path_follower/closed_loop_controller.py to closed_loop_controller.cpython-310.pyc
[0.393s] running install_data
[0.394s] running install_egg_info
[0.394s] removing '/home/zuriel/puzzlebot_challenges/install/path_follower/lib/python3.10/site-packages/path_follower-0.0.0-py3.10.egg-info' (and everything under it)
[0.394s] Copying ../../build/path_follower/path_follower.egg-info to /home/zuriel/puzzlebot_challenges/install/path_follower/lib/python3.10/site-packages/path_follower-0.0.0-py3.10.egg-info
[0.395s] running install_scripts
[0.404s] Installing closed_loop_controller script to /home/zuriel/puzzlebot_challenges/install/path_follower/lib/path_follower
[0.404s] Installing controller script to /home/zuriel/puzzlebot_challenges/install/path_follower/lib/path_follower
[0.404s] Installing localisation script to /home/zuriel/puzzlebot_challenges/install/path_follower/lib/path_follower
[0.404s] Installing path_pub script to /home/zuriel/puzzlebot_challenges/install/path_follower/lib/path_follower
[0.404s] Installing polygon_imu script to /home/zuriel/puzzlebot_challenges/install/path_follower/lib/path_follower
[0.404s] Installing polygon_publisher script to /home/zuriel/puzzlebot_challenges/install/path_follower/lib/path_follower
[0.404s] writing list of installed files to '/home/zuriel/puzzlebot_challenges/build/path_follower/install.log'
[0.414s] Invoked command in '/home/zuriel/puzzlebot_challenges/src/path_follower' returned '0': PYTHONPATH=/home/zuriel/puzzlebot_challenges/build/path_follower/prefix_override:/usr/lib/python3/dist-packages/colcon_core/task/python/colcon_distutils_commands:/home/zuriel/puzzlebot_challenges/install/path_follower/lib/python3.10/site-packages:${PYTHONPATH} /usr/bin/python3 -W ignore:setup.py install is deprecated -W ignore:easy_install command is deprecated setup.py egg_info --egg-base ../../build/path_follower build --build-base /home/zuriel/puzzlebot_challenges/build/path_follower/build install --record /home/zuriel/puzzlebot_challenges/build/path_follower/install.log --single-version-externally-managed install_data
