[0.046s] DEBUG:colcon:Command line arguments: ['/usr/bin/colcon', 'build']
[0.046s] DEBUG:colcon:Parsed command line arguments: Namespace(log_base=None, log_level=None, verb_name='build', build_base='build', install_base='install', merge_install=False, symlink_install=False, test_result_base=None, continue_on_error=False, executor='parallel', parallel_workers=32, event_handlers=None, ignore_user_meta=False, metas=['./colcon.meta'], base_paths=['.'], packages_ignore=None, packages_ignore_regex=None, paths=None, packages_up_to=None, packages_up_to_regex=None, packages_above=None, packages_above_and_dependencies=None, packages_above_depth=None, packages_select_by_dep=None, packages_skip_by_dep=None, packages_skip_up_to=None, packages_select_build_failed=False, packages_skip_build_finished=False, packages_select_test_failures=False, packages_skip_test_passed=False, packages_select=None, packages_skip=None, packages_select_regex=None, packages_skip_regex=None, packages_start=None, packages_end=None, allow_overriding=[], cmake_args=None, cmake_target=None, cmake_target_skip_unavailable=False, cmake_clean_cache=False, cmake_clean_first=False, cmake_force_configure=False, ament_cmake_args=None, catkin_cmake_args=None, catkin_skip_building_tests=False, mixin_files=None, mixin=None, verb_parser=<colcon_mixin.mixin.mixin_argument.MixinArgumentDecorator object at 0x7a2632b4f1c0>, verb_extension=<colcon_core.verb.build.BuildVerb object at 0x7a2632b4e7d0>, main=<bound method BuildVerb.main of <colcon_core.verb.build.BuildVerb object at 0x7a2632b4e7d0>>, mixin_verb=('build',))
[0.114s] Level 1:colcon.colcon_core.package_discovery:discover_packages(colcon_meta) check parameters
[0.114s] Level 1:colcon.colcon_core.package_discovery:discover_packages(recursive) check parameters
[0.114s] Level 1:colcon.colcon_core.package_discovery:discover_packages(ignore) check parameters
[0.114s] Level 1:colcon.colcon_core.package_discovery:discover_packages(path) check parameters
[0.114s] Level 1:colcon.colcon_core.package_discovery:discover_packages(colcon_meta) discover
[0.114s] Level 1:colcon.colcon_core.package_discovery:discover_packages(recursive) discover
[0.114s] INFO:colcon.colcon_core.package_discovery:Crawling recursively for packages in '/home/zuriel/puzzlebot_challenges'
[0.114s] Level 1:colcon.colcon_core.package_identification:_identify(.) by extensions ['ignore', 'ignore_ament_install']
[0.114s] Level 1:colcon.colcon_core.package_identification:_identify(.) by extension 'ignore'
[0.114s] Level 1:colcon.colcon_core.package_identification:_identify(.) by extension 'ignore_ament_install'
[0.114s] Level 1:colcon.colcon_core.package_identification:_identify(.) by extensions ['colcon_pkg']
[0.114s] Level 1:colcon.colcon_core.package_identification:_identify(.) by extension 'colcon_pkg'
[0.114s] Level 1:colcon.colcon_core.package_identification:_identify(.) by extensions ['colcon_meta']
[0.114s] Level 1:colcon.colcon_core.package_identification:_identify(.) by extension 'colcon_meta'
[0.114s] Level 1:colcon.colcon_core.package_identification:_identify(.) by extensions ['ros']
[0.114s] Level 1:colcon.colcon_core.package_identification:_identify(.) by extension 'ros'
[0.119s] Level 1:colcon.colcon_core.package_identification:_identify(.) by extensions ['cmake', 'python']
[0.119s] Level 1:colcon.colcon_core.package_identification:_identify(.) by extension 'cmake'
[0.119s] Level 1:colcon.colcon_core.package_identification:_identify(.) by extension 'python'
[0.119s] Level 1:colcon.colcon_core.package_identification:_identify(.) by extensions ['python_setup_py']
[0.119s] Level 1:colcon.colcon_core.package_identification:_identify(.) by extension 'python_setup_py'
[0.119s] Level 1:colcon.colcon_core.package_identification:_identify(build) by extensions ['ignore', 'ignore_ament_install']
[0.119s] Level 1:colcon.colcon_core.package_identification:_identify(build) by extension 'ignore'
[0.119s] Level 1:colcon.colcon_core.package_identification:_identify(build) ignored
[0.119s] Level 1:colcon.colcon_core.package_identification:_identify(install) by extensions ['ignore', 'ignore_ament_install']
[0.120s] Level 1:colcon.colcon_core.package_identification:_identify(install) by extension 'ignore'
[0.120s] Level 1:colcon.colcon_core.package_identification:_identify(install) ignored
[0.120s] Level 1:colcon.colcon_core.package_identification:_identify(log) by extensions ['ignore', 'ignore_ament_install']
[0.120s] Level 1:colcon.colcon_core.package_identification:_identify(log) by extension 'ignore'
[0.120s] Level 1:colcon.colcon_core.package_identification:_identify(log) ignored
[0.120s] Level 1:colcon.colcon_core.package_identification:_identify(src) by extensions ['ignore', 'ignore_ament_install']
[0.120s] Level 1:colcon.colcon_core.package_identification:_identify(src) by extension 'ignore'
[0.120s] Level 1:colcon.colcon_core.package_identification:_identify(src) by extension 'ignore_ament_install'
[0.120s] Level 1:colcon.colcon_core.package_identification:_identify(src) by extensions ['colcon_pkg']
[0.120s] Level 1:colcon.colcon_core.package_identification:_identify(src) by extension 'colcon_pkg'
[0.120s] Level 1:colcon.colcon_core.package_identification:_identify(src) by extensions ['colcon_meta']
[0.120s] Level 1:colcon.colcon_core.package_identification:_identify(src) by extension 'colcon_meta'
[0.120s] Level 1:colcon.colcon_core.package_identification:_identify(src) by extensions ['ros']
[0.120s] Level 1:colcon.colcon_core.package_identification:_identify(src) by extension 'ros'
[0.120s] Level 1:colcon.colcon_core.package_identification:_identify(src) by extensions ['cmake', 'python']
[0.120s] Level 1:colcon.colcon_core.package_identification:_identify(src) by extension 'cmake'
[0.120s] Level 1:colcon.colcon_core.package_identification:_identify(src) by extension 'python'
[0.120s] Level 1:colcon.colcon_core.package_identification:_identify(src) by extensions ['python_setup_py']
[0.120s] Level 1:colcon.colcon_core.package_identification:_identify(src) by extension 'python_setup_py'
[0.120s] Level 1:colcon.colcon_core.package_identification:_identify(src/my_custom_msgs) by extensions ['ignore', 'ignore_ament_install']
[0.120s] Level 1:colcon.colcon_core.package_identification:_identify(src/my_custom_msgs) by extension 'ignore'
[0.120s] Level 1:colcon.colcon_core.package_identification:_identify(src/my_custom_msgs) by extension 'ignore_ament_install'
[0.120s] Level 1:colcon.colcon_core.package_identification:_identify(src/my_custom_msgs) by extensions ['colcon_pkg']
[0.120s] Level 1:colcon.colcon_core.package_identification:_identify(src/my_custom_msgs) by extension 'colcon_pkg'
[0.120s] Level 1:colcon.colcon_core.package_identification:_identify(src/my_custom_msgs) by extensions ['colcon_meta']
[0.120s] Level 1:colcon.colcon_core.package_identification:_identify(src/my_custom_msgs) by extension 'colcon_meta'
[0.120s] Level 1:colcon.colcon_core.package_identification:_identify(src/my_custom_msgs) by extensions ['ros']
[0.120s] Level 1:colcon.colcon_core.package_identification:_identify(src/my_custom_msgs) by extension 'ros'
[0.121s] DEBUG:colcon.colcon_core.package_identification:Package 'src/my_custom_msgs' with type 'ros.ament_cmake' and name 'my_custom_msgs'
[0.121s] Level 1:colcon.colcon_core.package_identification:_identify(src/path_follower) by extensions ['ignore', 'ignore_ament_install']
[0.121s] Level 1:colcon.colcon_core.package_identification:_identify(src/path_follower) by extension 'ignore'
[0.121s] Level 1:colcon.colcon_core.package_identification:_identify(src/path_follower) by extension 'ignore_ament_install'
[0.121s] Level 1:colcon.colcon_core.package_identification:_identify(src/path_follower) by extensions ['colcon_pkg']
[0.121s] Level 1:colcon.colcon_core.package_identification:_identify(src/path_follower) by extension 'colcon_pkg'
[0.121s] Level 1:colcon.colcon_core.package_identification:_identify(src/path_follower) by extensions ['colcon_meta']
[0.121s] Level 1:colcon.colcon_core.package_identification:_identify(src/path_follower) by extension 'colcon_meta'
[0.121s] Level 1:colcon.colcon_core.package_identification:_identify(src/path_follower) by extensions ['ros']
[0.122s] Level 1:colcon.colcon_core.package_identification:_identify(src/path_follower) by extension 'ros'
[0.122s] DEBUG:colcon.colcon_core.package_identification:Package 'src/path_follower' with type 'ros.ament_python' and name 'path_follower'
[0.122s] Level 1:colcon.colcon_core.package_discovery:discover_packages(recursive) using defaults
[0.122s] Level 1:colcon.colcon_core.package_discovery:discover_packages(ignore) discover
[0.122s] Level 1:colcon.colcon_core.package_discovery:discover_packages(ignore) using defaults
[0.122s] Level 1:colcon.colcon_core.package_discovery:discover_packages(path) discover
[0.122s] Level 1:colcon.colcon_core.package_discovery:discover_packages(path) using defaults
[0.135s] Level 1:colcon.colcon_core.package_discovery:discover_packages(prefix_path) check parameters
[0.135s] Level 1:colcon.colcon_core.package_discovery:discover_packages(prefix_path) discover
[0.136s] DEBUG:colcon.colcon_installed_package_information.package_discovery:Found 2 installed packages in /home/zuriel/puzzlebot_challenges/install
[0.136s] DEBUG:colcon.colcon_installed_package_information.package_discovery:Found 3 installed packages in /home/zuriel/uros_ws/install
[0.137s] DEBUG:colcon.colcon_installed_package_information.package_discovery:Found 12 installed packages in /home/zuriel/turtlebot3_ws/install
[0.137s] DEBUG:colcon.colcon_installed_package_information.package_discovery:Found 388 installed packages in /opt/ros/humble
[0.138s] Level 1:colcon.colcon_core.package_discovery:discover_packages(prefix_path) using defaults
[0.158s] Level 5:colcon.colcon_core.verb:set package 'my_custom_msgs' build argument 'cmake_args' from command line to 'None'
[0.158s] Level 5:colcon.colcon_core.verb:set package 'my_custom_msgs' build argument 'cmake_target' from command line to 'None'
[0.158s] Level 5:colcon.colcon_core.verb:set package 'my_custom_msgs' build argument 'cmake_target_skip_unavailable' from command line to 'False'
[0.158s] Level 5:colcon.colcon_core.verb:set package 'my_custom_msgs' build argument 'cmake_clean_cache' from command line to 'False'
[0.158s] Level 5:colcon.colcon_core.verb:set package 'my_custom_msgs' build argument 'cmake_clean_first' from command line to 'False'
[0.158s] Level 5:colcon.colcon_core.verb:set package 'my_custom_msgs' build argument 'cmake_force_configure' from command line to 'False'
[0.158s] Level 5:colcon.colcon_core.verb:set package 'my_custom_msgs' build argument 'ament_cmake_args' from command line to 'None'
[0.158s] Level 5:colcon.colcon_core.verb:set package 'my_custom_msgs' build argument 'catkin_cmake_args' from command line to 'None'
[0.158s] Level 5:colcon.colcon_core.verb:set package 'my_custom_msgs' build argument 'catkin_skip_building_tests' from command line to 'False'
[0.158s] DEBUG:colcon.colcon_core.verb:Building package 'my_custom_msgs' with the following arguments: {'ament_cmake_args': None, 'build_base': '/home/zuriel/puzzlebot_challenges/build/my_custom_msgs', 'catkin_cmake_args': None, 'catkin_skip_building_tests': False, 'cmake_args': None, 'cmake_clean_cache': False, 'cmake_clean_first': False, 'cmake_force_configure': False, 'cmake_target': None, 'cmake_target_skip_unavailable': False, 'install_base': '/home/zuriel/puzzlebot_challenges/install/my_custom_msgs', 'merge_install': False, 'path': '/home/zuriel/puzzlebot_challenges/src/my_custom_msgs', 'symlink_install': False, 'test_result_base': None}
[0.158s] Level 5:colcon.colcon_core.verb:set package 'path_follower' build argument 'cmake_args' from command line to 'None'
[0.158s] Level 5:colcon.colcon_core.verb:set package 'path_follower' build argument 'cmake_target' from command line to 'None'
[0.158s] Level 5:colcon.colcon_core.verb:set package 'path_follower' build argument 'cmake_target_skip_unavailable' from command line to 'False'
[0.158s] Level 5:colcon.colcon_core.verb:set package 'path_follower' build argument 'cmake_clean_cache' from command line to 'False'
[0.158s] Level 5:colcon.colcon_core.verb:set package 'path_follower' build argument 'cmake_clean_first' from command line to 'False'
[0.158s] Level 5:colcon.colcon_core.verb:set package 'path_follower' build argument 'cmake_force_configure' from command line to 'False'
[0.158s] Level 5:colcon.colcon_core.verb:set package 'path_follower' build argument 'ament_cmake_args' from command line to 'None'
[0.158s] Level 5:colcon.colcon_core.verb:set package 'path_follower' build argument 'catkin_cmake_args' from command line to 'None'
[0.158s] Level 5:colcon.colcon_core.verb:set package 'path_follower' build argument 'catkin_skip_building_tests' from command line to 'False'
[0.158s] DEBUG:colcon.colcon_core.verb:Building package 'path_follower' with the following arguments: {'ament_cmake_args': None, 'build_base': '/home/zuriel/puzzlebot_challenges/build/path_follower', 'catkin_cmake_args': None, 'catkin_skip_building_tests': False, 'cmake_args': None, 'cmake_clean_cache': False, 'cmake_clean_first': False, 'cmake_force_configure': False, 'cmake_target': None, 'cmake_target_skip_unavailable': False, 'install_base': '/home/zuriel/puzzlebot_challenges/install/path_follower', 'merge_install': False, 'path': '/home/zuriel/puzzlebot_challenges/src/path_follower', 'symlink_install': False, 'test_result_base': None}
[0.158s] INFO:colcon.colcon_core.executor:Executing jobs using 'parallel' executor
[0.159s] DEBUG:colcon.colcon_parallel_executor.executor.parallel:run_until_complete
[0.159s] INFO:colcon.colcon_ros.task.ament_cmake.build:Building ROS package in '/home/zuriel/puzzlebot_challenges/src/my_custom_msgs' with build type 'ament_cmake'
[0.159s] INFO:colcon.colcon_cmake.task.cmake.build:Building CMake package in '/home/zuriel/puzzlebot_challenges/src/my_custom_msgs'
[0.160s] INFO:colcon.colcon_core.plugin_system:Skipping extension 'colcon_core.shell.bat': Not used on non-Windows systems
[0.160s] INFO:colcon.colcon_core.shell:Skip shell extension 'powershell' for command environment: Not usable outside of PowerShell
[0.160s] DEBUG:colcon.colcon_core.shell:Skip shell extension 'dsv' for command environment
[0.166s] DEBUG:colcon.colcon_core.event_handler.log_command:Invoking command in '/home/zuriel/puzzlebot_challenges/build/my_custom_msgs': CMAKE_PREFIX_PATH=${CMAKE_PREFIX_PATH}:/home/zuriel/puzzlebot_challenges/install/path_follower:/home/zuriel/turtlebot3_ws/install/turtlebot3_teleop:/home/zuriel/turtlebot3_ws/install/turtlebot3_example:/opt/ros/humble /usr/bin/cmake --build /home/zuriel/puzzlebot_challenges/build/my_custom_msgs -- -j32 -l32
[1.824s] DEBUG:colcon.colcon_core.event_handler.log_command:Invoked command in '/home/zuriel/puzzlebot_challenges/build/my_custom_msgs' returned '0': CMAKE_PREFIX_PATH=${CMAKE_PREFIX_PATH}:/home/zuriel/puzzlebot_challenges/install/path_follower:/home/zuriel/turtlebot3_ws/install/turtlebot3_teleop:/home/zuriel/turtlebot3_ws/install/turtlebot3_example:/opt/ros/humble /usr/bin/cmake --build /home/zuriel/puzzlebot_challenges/build/my_custom_msgs -- -j32 -l32
[1.836s] DEBUG:colcon.colcon_core.event_handler.log_command:Invoking command in '/home/zuriel/puzzlebot_challenges/build/my_custom_msgs': CMAKE_PREFIX_PATH=${CMAKE_PREFIX_PATH}:/home/zuriel/puzzlebot_challenges/install/path_follower:/home/zuriel/turtlebot3_ws/install/turtlebot3_teleop:/home/zuriel/turtlebot3_ws/install/turtlebot3_example:/opt/ros/humble /usr/bin/cmake --install /home/zuriel/puzzlebot_challenges/build/my_custom_msgs
[1.854s] Level 1:colcon.colcon_core.environment:create_environment_scripts_only(my_custom_msgs)
[1.855s] DEBUG:colcon.colcon_core.event_handler.log_command:Invoked command in '/home/zuriel/puzzlebot_challenges/build/my_custom_msgs' returned '0': CMAKE_PREFIX_PATH=${CMAKE_PREFIX_PATH}:/home/zuriel/puzzlebot_challenges/install/path_follower:/home/zuriel/turtlebot3_ws/install/turtlebot3_teleop:/home/zuriel/turtlebot3_ws/install/turtlebot3_example:/opt/ros/humble /usr/bin/cmake --install /home/zuriel/puzzlebot_challenges/build/my_custom_msgs
[1.857s] Level 1:colcon.colcon_core.environment:checking '/home/zuriel/puzzlebot_challenges/install/my_custom_msgs' for CMake module files
[1.858s] Level 1:colcon.colcon_core.environment:checking '/home/zuriel/puzzlebot_challenges/install/my_custom_msgs' for CMake config files
[1.858s] Level 1:colcon.colcon_core.shell:create_environment_hook('my_custom_msgs', 'cmake_prefix_path')
[1.858s] INFO:colcon.colcon_core.shell:Creating environment hook '/home/zuriel/puzzlebot_challenges/install/my_custom_msgs/share/my_custom_msgs/hook/cmake_prefix_path.ps1'
[1.859s] INFO:colcon.colcon_core.shell:Creating environment descriptor '/home/zuriel/puzzlebot_challenges/install/my_custom_msgs/share/my_custom_msgs/hook/cmake_prefix_path.dsv'
[1.859s] INFO:colcon.colcon_core.shell:Creating environment hook '/home/zuriel/puzzlebot_challenges/install/my_custom_msgs/share/my_custom_msgs/hook/cmake_prefix_path.sh'
[1.860s] Level 1:colcon.colcon_core.environment:checking '/home/zuriel/puzzlebot_challenges/install/my_custom_msgs/lib'
[1.860s] Level 1:colcon.colcon_core.shell:create_environment_hook('my_custom_msgs', 'ld_library_path_lib')
[1.860s] INFO:colcon.colcon_core.shell:Creating environment hook '/home/zuriel/puzzlebot_challenges/install/my_custom_msgs/share/my_custom_msgs/hook/ld_library_path_lib.ps1'
[1.861s] INFO:colcon.colcon_core.shell:Creating environment descriptor '/home/zuriel/puzzlebot_challenges/install/my_custom_msgs/share/my_custom_msgs/hook/ld_library_path_lib.dsv'
[1.861s] INFO:colcon.colcon_core.shell:Creating environment hook '/home/zuriel/puzzlebot_challenges/install/my_custom_msgs/share/my_custom_msgs/hook/ld_library_path_lib.sh'
[1.861s] Level 1:colcon.colcon_core.environment:checking '/home/zuriel/puzzlebot_challenges/install/my_custom_msgs/bin'
[1.861s] Level 1:colcon.colcon_core.environment:checking '/home/zuriel/puzzlebot_challenges/install/my_custom_msgs/lib/pkgconfig/my_custom_msgs.pc'
[1.861s] Level 1:colcon.colcon_core.environment:checking '/home/zuriel/puzzlebot_challenges/install/my_custom_msgs/lib/python3.10/site-packages'
[1.861s] Level 1:colcon.colcon_core.environment:checking '/home/zuriel/puzzlebot_challenges/install/my_custom_msgs/bin'
[1.862s] INFO:colcon.colcon_core.shell:Creating package script '/home/zuriel/puzzlebot_challenges/install/my_custom_msgs/share/my_custom_msgs/package.ps1'
[1.862s] INFO:colcon.colcon_core.shell:Creating package descriptor '/home/zuriel/puzzlebot_challenges/install/my_custom_msgs/share/my_custom_msgs/package.dsv'
[1.863s] INFO:colcon.colcon_core.shell:Creating package script '/home/zuriel/puzzlebot_challenges/install/my_custom_msgs/share/my_custom_msgs/package.sh'
[1.863s] INFO:colcon.colcon_core.shell:Creating package script '/home/zuriel/puzzlebot_challenges/install/my_custom_msgs/share/my_custom_msgs/package.bash'
[1.863s] INFO:colcon.colcon_core.shell:Creating package script '/home/zuriel/puzzlebot_challenges/install/my_custom_msgs/share/my_custom_msgs/package.zsh'
[1.864s] Level 1:colcon.colcon_core.environment:create_file_with_runtime_dependencies(/home/zuriel/puzzlebot_challenges/install/my_custom_msgs/share/colcon-core/packages/my_custom_msgs)
[1.864s] Level 1:colcon.colcon_core.environment:create_environment_scripts_only(my_custom_msgs)
[1.864s] Level 1:colcon.colcon_core.environment:checking '/home/zuriel/puzzlebot_challenges/install/my_custom_msgs' for CMake module files
[1.864s] Level 1:colcon.colcon_core.environment:checking '/home/zuriel/puzzlebot_challenges/install/my_custom_msgs' for CMake config files
[1.865s] Level 1:colcon.colcon_core.shell:create_environment_hook('my_custom_msgs', 'cmake_prefix_path')
[1.865s] INFO:colcon.colcon_core.shell:Creating environment hook '/home/zuriel/puzzlebot_challenges/install/my_custom_msgs/share/my_custom_msgs/hook/cmake_prefix_path.ps1'
[1.865s] INFO:colcon.colcon_core.shell:Creating environment descriptor '/home/zuriel/puzzlebot_challenges/install/my_custom_msgs/share/my_custom_msgs/hook/cmake_prefix_path.dsv'
[1.865s] INFO:colcon.colcon_core.shell:Creating environment hook '/home/zuriel/puzzlebot_challenges/install/my_custom_msgs/share/my_custom_msgs/hook/cmake_prefix_path.sh'
[1.865s] Level 1:colcon.colcon_core.environment:checking '/home/zuriel/puzzlebot_challenges/install/my_custom_msgs/lib'
[1.865s] Level 1:colcon.colcon_core.shell:create_environment_hook('my_custom_msgs', 'ld_library_path_lib')
[1.865s] INFO:colcon.colcon_core.shell:Creating environment hook '/home/zuriel/puzzlebot_challenges/install/my_custom_msgs/share/my_custom_msgs/hook/ld_library_path_lib.ps1'
[1.866s] INFO:colcon.colcon_core.shell:Creating environment descriptor '/home/zuriel/puzzlebot_challenges/install/my_custom_msgs/share/my_custom_msgs/hook/ld_library_path_lib.dsv'
[1.866s] INFO:colcon.colcon_core.shell:Creating environment hook '/home/zuriel/puzzlebot_challenges/install/my_custom_msgs/share/my_custom_msgs/hook/ld_library_path_lib.sh'
[1.866s] Level 1:colcon.colcon_core.environment:checking '/home/zuriel/puzzlebot_challenges/install/my_custom_msgs/bin'
[1.866s] Level 1:colcon.colcon_core.environment:checking '/home/zuriel/puzzlebot_challenges/install/my_custom_msgs/lib/pkgconfig/my_custom_msgs.pc'
[1.866s] Level 1:colcon.colcon_core.environment:checking '/home/zuriel/puzzlebot_challenges/install/my_custom_msgs/lib/python3.10/site-packages'
[1.866s] Level 1:colcon.colcon_core.environment:checking '/home/zuriel/puzzlebot_challenges/install/my_custom_msgs/bin'
[1.866s] INFO:colcon.colcon_core.shell:Creating package script '/home/zuriel/puzzlebot_challenges/install/my_custom_msgs/share/my_custom_msgs/package.ps1'
[1.866s] INFO:colcon.colcon_core.shell:Creating package descriptor '/home/zuriel/puzzlebot_challenges/install/my_custom_msgs/share/my_custom_msgs/package.dsv'
[1.867s] INFO:colcon.colcon_core.shell:Creating package script '/home/zuriel/puzzlebot_challenges/install/my_custom_msgs/share/my_custom_msgs/package.sh'
[1.867s] INFO:colcon.colcon_core.shell:Creating package script '/home/zuriel/puzzlebot_challenges/install/my_custom_msgs/share/my_custom_msgs/package.bash'
[1.867s] INFO:colcon.colcon_core.shell:Creating package script '/home/zuriel/puzzlebot_challenges/install/my_custom_msgs/share/my_custom_msgs/package.zsh'
[1.867s] Level 1:colcon.colcon_core.environment:create_file_with_runtime_dependencies(/home/zuriel/puzzlebot_challenges/install/my_custom_msgs/share/colcon-core/packages/my_custom_msgs)
[1.867s] INFO:colcon.colcon_ros.task.ament_python.build:Building ROS package in '/home/zuriel/puzzlebot_challenges/src/path_follower' with build type 'ament_python'
[1.868s] Level 1:colcon.colcon_core.shell:create_environment_hook('path_follower', 'ament_prefix_path')
[1.868s] INFO:colcon.colcon_core.shell:Creating environment hook '/home/zuriel/puzzlebot_challenges/install/path_follower/share/path_follower/hook/ament_prefix_path.ps1'
[1.868s] INFO:colcon.colcon_core.shell:Creating environment descriptor '/home/zuriel/puzzlebot_challenges/install/path_follower/share/path_follower/hook/ament_prefix_path.dsv'
[1.868s] INFO:colcon.colcon_core.shell:Creating environment hook '/home/zuriel/puzzlebot_challenges/install/path_follower/share/path_follower/hook/ament_prefix_path.sh'
[1.868s] INFO:colcon.colcon_core.shell:Skip shell extension 'powershell' for command environment: Not usable outside of PowerShell
[1.868s] DEBUG:colcon.colcon_core.shell:Skip shell extension 'dsv' for command environment
[1.982s] INFO:colcon.colcon_core.task.python.build:Building Python package in '/home/zuriel/puzzlebot_challenges/src/path_follower'
[1.982s] INFO:colcon.colcon_core.shell:Skip shell extension 'powershell' for command environment: Not usable outside of PowerShell
[1.982s] DEBUG:colcon.colcon_core.shell:Skip shell extension 'dsv' for command environment
[2.145s] DEBUG:colcon.colcon_core.event_handler.log_command:Invoking command in '/home/zuriel/puzzlebot_challenges/src/path_follower': PYTHONPATH=/home/zuriel/puzzlebot_challenges/build/path_follower/prefix_override:/usr/lib/python3/dist-packages/colcon_core/task/python/colcon_distutils_commands:/home/zuriel/puzzlebot_challenges/install/path_follower/lib/python3.10/site-packages:${PYTHONPATH} /usr/bin/python3 -W ignore:setup.py install is deprecated -W ignore:easy_install command is deprecated setup.py egg_info --egg-base ../../build/path_follower build --build-base /home/zuriel/puzzlebot_challenges/build/path_follower/build install --record /home/zuriel/puzzlebot_challenges/build/path_follower/install.log --single-version-externally-managed install_data
[2.289s] Level 1:colcon.colcon_core.environment:checking '/home/zuriel/puzzlebot_challenges/install/path_follower' for CMake module files
[2.289s] DEBUG:colcon.colcon_core.event_handler.log_command:Invoked command in '/home/zuriel/puzzlebot_challenges/src/path_follower' returned '0': PYTHONPATH=/home/zuriel/puzzlebot_challenges/build/path_follower/prefix_override:/usr/lib/python3/dist-packages/colcon_core/task/python/colcon_distutils_commands:/home/zuriel/puzzlebot_challenges/install/path_follower/lib/python3.10/site-packages:${PYTHONPATH} /usr/bin/python3 -W ignore:setup.py install is deprecated -W ignore:easy_install command is deprecated setup.py egg_info --egg-base ../../build/path_follower build --build-base /home/zuriel/puzzlebot_challenges/build/path_follower/build install --record /home/zuriel/puzzlebot_challenges/build/path_follower/install.log --single-version-externally-managed install_data
[2.290s] Level 1:colcon.colcon_core.environment:checking '/home/zuriel/puzzlebot_challenges/install/path_follower' for CMake config files
[2.290s] Level 1:colcon.colcon_core.environment:checking '/home/zuriel/puzzlebot_challenges/install/path_follower/lib'
[2.290s] Level 1:colcon.colcon_core.environment:checking '/home/zuriel/puzzlebot_challenges/install/path_follower/bin'
[2.290s] Level 1:colcon.colcon_core.environment:checking '/home/zuriel/puzzlebot_challenges/install/path_follower/lib/pkgconfig/path_follower.pc'
[2.290s] Level 1:colcon.colcon_core.environment:checking '/home/zuriel/puzzlebot_challenges/install/path_follower/lib/python3.10/site-packages'
[2.290s] Level 1:colcon.colcon_core.shell:create_environment_hook('path_follower', 'pythonpath')
[2.290s] INFO:colcon.colcon_core.shell:Creating environment hook '/home/zuriel/puzzlebot_challenges/install/path_follower/share/path_follower/hook/pythonpath.ps1'
[2.291s] INFO:colcon.colcon_core.shell:Creating environment descriptor '/home/zuriel/puzzlebot_challenges/install/path_follower/share/path_follower/hook/pythonpath.dsv'
[2.291s] INFO:colcon.colcon_core.shell:Creating environment hook '/home/zuriel/puzzlebot_challenges/install/path_follower/share/path_follower/hook/pythonpath.sh'
[2.291s] Level 1:colcon.colcon_core.environment:checking '/home/zuriel/puzzlebot_challenges/install/path_follower/bin'
[2.291s] Level 1:colcon.colcon_core.environment:create_environment_scripts_only(path_follower)
[2.291s] INFO:colcon.colcon_core.shell:Creating package script '/home/zuriel/puzzlebot_challenges/install/path_follower/share/path_follower/package.ps1'
[2.292s] INFO:colcon.colcon_core.shell:Creating package descriptor '/home/zuriel/puzzlebot_challenges/install/path_follower/share/path_follower/package.dsv'
[2.292s] INFO:colcon.colcon_core.shell:Creating package script '/home/zuriel/puzzlebot_challenges/install/path_follower/share/path_follower/package.sh'
[2.292s] INFO:colcon.colcon_core.shell:Creating package script '/home/zuriel/puzzlebot_challenges/install/path_follower/share/path_follower/package.bash'
[2.292s] INFO:colcon.colcon_core.shell:Creating package script '/home/zuriel/puzzlebot_challenges/install/path_follower/share/path_follower/package.zsh'
[2.293s] Level 1:colcon.colcon_core.environment:create_file_with_runtime_dependencies(/home/zuriel/puzzlebot_challenges/install/path_follower/share/colcon-core/packages/path_follower)
[2.293s] DEBUG:colcon.colcon_parallel_executor.executor.parallel:closing loop
[2.293s] DEBUG:colcon.colcon_parallel_executor.executor.parallel:loop closed
[2.293s] DEBUG:colcon.colcon_parallel_executor.executor.parallel:run_until_complete finished with '0'
[2.293s] DEBUG:colcon.colcon_core.event_reactor:joining thread
[2.297s] INFO:colcon.colcon_core.plugin_system:Skipping extension 'colcon_notification.desktop_notification.terminal_notifier': Not used on non-Darwin systems
[2.297s] INFO:colcon.colcon_core.plugin_system:Skipping extension 'colcon_notification.desktop_notification.win32': Not used on non-Windows systems
[2.297s] INFO:colcon.colcon_notification.desktop_notification:Sending desktop notification using 'notify2'
[2.302s] DEBUG:colcon.colcon_core.event_reactor:joined thread
[2.302s] INFO:colcon.colcon_core.shell:Creating prefix script '/home/zuriel/puzzlebot_challenges/install/local_setup.ps1'
[2.303s] INFO:colcon.colcon_core.shell:Creating prefix util module '/home/zuriel/puzzlebot_challenges/install/_local_setup_util_ps1.py'
[2.303s] INFO:colcon.colcon_core.shell:Creating prefix chain script '/home/zuriel/puzzlebot_challenges/install/setup.ps1'
[2.304s] INFO:colcon.colcon_core.shell:Creating prefix script '/home/zuriel/puzzlebot_challenges/install/local_setup.sh'
[2.304s] INFO:colcon.colcon_core.shell:Creating prefix util module '/home/zuriel/puzzlebot_challenges/install/_local_setup_util_sh.py'
[2.304s] INFO:colcon.colcon_core.shell:Creating prefix chain script '/home/zuriel/puzzlebot_challenges/install/setup.sh'
[2.305s] INFO:colcon.colcon_core.shell:Creating prefix script '/home/zuriel/puzzlebot_challenges/install/local_setup.bash'
[2.305s] INFO:colcon.colcon_core.shell:Creating prefix chain script '/home/zuriel/puzzlebot_challenges/install/setup.bash'
[2.306s] INFO:colcon.colcon_core.shell:Creating prefix script '/home/zuriel/puzzlebot_challenges/install/local_setup.zsh'
[2.306s] INFO:colcon.colcon_core.shell:Creating prefix chain script '/home/zuriel/puzzlebot_challenges/install/setup.zsh'
