[0.272s] Invoking command in '/home/zuriel/puzzlebot_challenges/src/path_follower': PYTHONPATH=/home/zuriel/puzzlebot_challenges/build/path_follower/prefix_override:/usr/lib/python3/dist-packages/colcon_core/task/python/colcon_distutils_commands:/home/zuriel/puzzlebot_challenges/install/path_follower/lib/python3.10/site-packages:${PYTHONPATH} /usr/bin/python3 -W ignore:setup.py install is deprecated -W ignore:easy_install command is deprecated setup.py egg_info --egg-base ../../build/path_follower build --build-base /home/zuriel/puzzlebot_challenges/build/path_follower/build install --record /home/zuriel/puzzlebot_challenges/build/path_follower/install.log --single-version-externally-managed install_data
[0.375s] running egg_info
[0.375s] writing ../../build/path_follower/path_follower.egg-info/PKG-INFO
[0.375s] writing dependency_links to ../../build/path_follower/path_follower.egg-info/dependency_links.txt
[0.375s] writing entry points to ../../build/path_follower/path_follower.egg-info/entry_points.txt
[0.375s] writing requirements to ../../build/path_follower/path_follower.egg-info/requires.txt
[0.376s] writing top-level names to ../../build/path_follower/path_follower.egg-info/top_level.txt
[0.376s] reading manifest file '../../build/path_follower/path_follower.egg-info/SOURCES.txt'
[0.377s] writing manifest file '../../build/path_follower/path_follower.egg-info/SOURCES.txt'
[0.377s] running build
[0.377s] running build_py
[0.377s] running install
[0.377s] running install_lib
[0.378s] running install_data
[0.378s] running install_egg_info
[0.379s] removing '/home/zuriel/puzzlebot_challenges/install/path_follower/lib/python3.10/site-packages/path_follower-0.0.0-py3.10.egg-info' (and everything under it)
[0.379s] Copying ../../build/path_follower/path_follower.egg-info to /home/zuriel/puzzlebot_challenges/install/path_follower/lib/python3.10/site-packages/path_follower-0.0.0-py3.10.egg-info
[0.379s] running install_scripts
[0.389s] Installing controller script to /home/zuriel/puzzlebot_challenges/install/path_follower/lib/path_follower
[0.389s] Installing path_pub script to /home/zuriel/puzzlebot_challenges/install/path_follower/lib/path_follower
[0.389s] Installing polygon_imu script to /home/zuriel/puzzlebot_challenges/install/path_follower/lib/path_follower
[0.389s] Installing polygon_publisher script to /home/zuriel/puzzlebot_challenges/install/path_follower/lib/path_follower
[0.389s] writing list of installed files to '/home/zuriel/puzzlebot_challenges/build/path_follower/install.log'
[0.400s] Invoked command in '/home/zuriel/puzzlebot_challenges/src/path_follower' returned '0': PYTHONPATH=/home/zuriel/puzzlebot_challenges/build/path_follower/prefix_override:/usr/lib/python3/dist-packages/colcon_core/task/python/colcon_distutils_commands:/home/zuriel/puzzlebot_challenges/install/path_follower/lib/python3.10/site-packages:${PYTHONPATH} /usr/bin/python3 -W ignore:setup.py install is deprecated -W ignore:easy_install command is deprecated setup.py egg_info --egg-base ../../build/path_follower build --build-base /home/zuriel/puzzlebot_challenges/build/path_follower/build install --record /home/zuriel/puzzlebot_challenges/build/path_follower/install.log --single-version-externally-managed install_data
