/home/zuriel/puzzlebot_challenges/install/path_follower/lib/python3.10/site-packages/path_follower/controller.py
/home/zuriel/puzzlebot_challenges/install/path_follower/lib/python3.10/site-packages/path_follower/polygon_publisher.py
/home/zuriel/puzzlebot_challenges/install/path_follower/lib/python3.10/site-packages/path_follower/localisation.py
/home/zuriel/puzzlebot_challenges/install/path_follower/lib/python3.10/site-packages/path_follower/path_publisher.py
/home/zuriel/puzzlebot_challenges/install/path_follower/lib/python3.10/site-packages/path_follower/Polygon_IMU.py
/home/zuriel/puzzlebot_challenges/install/path_follower/lib/python3.10/site-packages/path_follower/__init__.py
/home/zuriel/puzzlebot_challenges/install/path_follower/lib/python3.10/site-packages/path_follower/closed_loop_controller.py
/home/zuriel/puzzlebot_challenges/install/path_follower/lib/python3.10/site-packages/path_follower/__pycache__/controller.cpython-310.pyc
/home/zuriel/puzzlebot_challenges/install/path_follower/lib/python3.10/site-packages/path_follower/__pycache__/polygon_publisher.cpython-310.pyc
/home/zuriel/puzzlebot_challenges/install/path_follower/lib/python3.10/site-packages/path_follower/__pycache__/localisation.cpython-310.pyc
/home/zuriel/puzzlebot_challenges/install/path_follower/lib/python3.10/site-packages/path_follower/__pycache__/path_publisher.cpython-310.pyc
/home/zuriel/puzzlebot_challenges/install/path_follower/lib/python3.10/site-packages/path_follower/__pycache__/Polygon_IMU.cpython-310.pyc
/home/zuriel/puzzlebot_challenges/install/path_follower/lib/python3.10/site-packages/path_follower/__pycache__/__init__.cpython-310.pyc
/home/zuriel/puzzlebot_challenges/install/path_follower/lib/python3.10/site-packages/path_follower/__pycache__/closed_loop_controller.cpython-310.pyc
/home/zuriel/puzzlebot_challenges/install/path_follower/share/ament_index/resource_index/packages/path_follower
/home/zuriel/puzzlebot_challenges/install/path_follower/share/path_follower/package.xml
/home/zuriel/puzzlebot_challenges/install/path_follower/lib/python3.10/site-packages/path_follower-0.0.0-py3.10.egg-info/zip-safe
/home/zuriel/puzzlebot_challenges/install/path_follower/lib/python3.10/site-packages/path_follower-0.0.0-py3.10.egg-info/PKG-INFO
/home/zuriel/puzzlebot_challenges/install/path_follower/lib/python3.10/site-packages/path_follower-0.0.0-py3.10.egg-info/entry_points.txt
/home/zuriel/puzzlebot_challenges/install/path_follower/lib/python3.10/site-packages/path_follower-0.0.0-py3.10.egg-info/top_level.txt
/home/zuriel/puzzlebot_challenges/install/path_follower/lib/python3.10/site-packages/path_follower-0.0.0-py3.10.egg-info/SOURCES.txt
/home/zuriel/puzzlebot_challenges/install/path_follower/lib/python3.10/site-packages/path_follower-0.0.0-py3.10.egg-info/dependency_links.txt
/home/zuriel/puzzlebot_challenges/install/path_follower/lib/python3.10/site-packages/path_follower-0.0.0-py3.10.egg-info/requires.txt
/home/zuriel/puzzlebot_challenges/install/path_follower/lib/path_follower/closed_loop_controller
/home/zuriel/puzzlebot_challenges/install/path_follower/lib/path_follower/controller
/home/zuriel/puzzlebot_challenges/install/path_follower/lib/path_follower/localisation
/home/zuriel/puzzlebot_challenges/install/path_follower/lib/path_follower/path_pub
/home/zuriel/puzzlebot_challenges/install/path_follower/lib/path_follower/polygon_imu
/home/zuriel/puzzlebot_challenges/install/path_follower/lib/path_follower/polygon_publisher
