[0.009s] Invoking command in '/home/zuriel/puzzlebot_challenges/build/my_custom_msgs': CMAKE_PREFIX_PATH=${CMAKE_PREFIX_PATH}:/home/zuriel/puzzlebot_challenges/install/path_follower:/home/zuriel/turtlebot3_ws/install/turtlebot3_teleop:/home/zuriel/turtlebot3_ws/install/turtlebot3_example:/opt/ros/humble /usr/bin/cmake --build /home/zuriel/puzzlebot_challenges/build/my_custom_msgs -- -j32 -l32
[0.027s] -- Found ament_cmake: 1.3.11 (/opt/ros/humble/share/ament_cmake/cmake)
[0.258s] -- Found std_msgs: 4.2.4 (/opt/ros/humble/share/std_msgs/cmake)
[0.271s] -- Found rosidl_generator_c: 3.1.6 (/opt/ros/humble/share/rosidl_generator_c/cmake)
[0.272s] -- Found rosidl_adapter: 3.1.6 (/opt/ros/humble/share/rosidl_adapter/cmake)
[0.275s] -- Found rosidl_generator_cpp: 3.1.6 (/opt/ros/humble/share/rosidl_generator_cpp/cmake)
[0.280s] -- Using all available rosidl_typesupport_c: rosidl_typesupport_fastrtps_c;rosidl_typesupport_introspection_c
[0.287s] -- Using all available rosidl_typesupport_cpp: rosidl_typesupport_fastrtps_cpp;rosidl_typesupport_introspection_cpp
[0.297s] -- Found geometry_msgs: 4.2.4 (/opt/ros/humble/share/geometry_msgs/cmake)
[0.792s] -- Found ament_cmake_ros: 0.10.0 (/opt/ros/humble/share/ament_cmake_ros/cmake)
[1.438s] -- Using all available rosidl_typesupport_c: rosidl_typesupport_fastrtps_c;rosidl_typesupport_introspection_c
[1.693s] -- Using all available rosidl_typesupport_cpp: rosidl_typesupport_fastrtps_cpp;rosidl_typesupport_introspection_cpp
[1.694s] -- Found ament_lint_auto: 0.12.11 (/opt/ros/humble/share/ament_lint_auto/cmake)
[1.700s] -- Added test 'lint_cmake' to check CMake code style
[1.700s] -- Added test 'xmllint' to check XML markup files
[1.701s] -- Configuring done
[1.711s] -- Generating done
[1.715s] -- Build files have been written to: /home/zuriel/puzzlebot_challenges/build/my_custom_msgs
[1.735s] [35m[1mConsolidate compiler generated dependencies of target my_custom_msgs__rosidl_generator_c[0m
[1.742s] [  4%] Built target my_custom_msgs__cpp
[1.743s] [ 18%] Built target my_custom_msgs__rosidl_generator_c
[1.750s] [35m[1mConsolidate compiler generated dependencies of target my_custom_msgs__rosidl_typesupport_introspection_cpp[0m
[1.750s] [35m[1mConsolidate compiler generated dependencies of target my_custom_msgs__rosidl_typesupport_cpp[0m
[1.751s] [35m[1mConsolidate compiler generated dependencies of target my_custom_msgs__rosidl_typesupport_fastrtps_cpp[0m
[1.751s] [35m[1mConsolidate compiler generated dependencies of target my_custom_msgs__rosidl_typesupport_introspection_c[0m
[1.751s] [35m[1mConsolidate compiler generated dependencies of target my_custom_msgs__rosidl_typesupport_c[0m
[1.752s] [35m[1mConsolidate compiler generated dependencies of target my_custom_msgs__rosidl_typesupport_fastrtps_c[0m
[1.762s] [ 36%] Built target my_custom_msgs__rosidl_typesupport_cpp
[1.762s] [ 45%] Built target my_custom_msgs__rosidl_typesupport_introspection_c
[1.762s] [ 63%] Built target my_custom_msgs__rosidl_typesupport_fastrtps_cpp
[1.762s] [ 72%] Built target my_custom_msgs__rosidl_typesupport_introspection_cpp
[1.762s] [ 86%] Built target my_custom_msgs__rosidl_typesupport_c
[1.763s] [100%] Built target my_custom_msgs__rosidl_typesupport_fastrtps_c
[1.780s] [100%] Built target my_custom_msgs
[1.787s] Invoked command in '/home/zuriel/puzzlebot_challenges/build/my_custom_msgs' returned '0': CMAKE_PREFIX_PATH=${CMAKE_PREFIX_PATH}:/home/zuriel/puzzlebot_challenges/install/path_follower:/home/zuriel/turtlebot3_ws/install/turtlebot3_teleop:/home/zuriel/turtlebot3_ws/install/turtlebot3_example:/opt/ros/humble /usr/bin/cmake --build /home/zuriel/puzzlebot_challenges/build/my_custom_msgs -- -j32 -l32
[1.795s] Invoking command in '/home/zuriel/puzzlebot_challenges/build/my_custom_msgs': CMAKE_PREFIX_PATH=${CMAKE_PREFIX_PATH}:/home/zuriel/puzzlebot_challenges/install/path_follower:/home/zuriel/turtlebot3_ws/install/turtlebot3_teleop:/home/zuriel/turtlebot3_ws/install/turtlebot3_example:/opt/ros/humble /usr/bin/cmake --install /home/zuriel/puzzlebot_challenges/build/my_custom_msgs
[1.800s] -- Install configuration: ""
[1.800s] -- Up-to-date: /home/zuriel/puzzlebot_challenges/install/my_custom_msgs/share/ament_index/resource_index/rosidl_interfaces/my_custom_msgs
[1.800s] -- Up-to-date: /home/zuriel/puzzlebot_challenges/install/my_custom_msgs/include/my_custom_msgs/my_custom_msgs
[1.800s] -- Up-to-date: /home/zuriel/puzzlebot_challenges/install/my_custom_msgs/include/my_custom_msgs/my_custom_msgs/msg
[1.800s] -- Up-to-date: /home/zuriel/puzzlebot_challenges/install/my_custom_msgs/include/my_custom_msgs/my_custom_msgs/msg/rosidl_generator_c__visibility_control.h
[1.800s] -- Up-to-date: /home/zuriel/puzzlebot_challenges/install/my_custom_msgs/include/my_custom_msgs/my_custom_msgs/msg/detail
[1.800s] -- Up-to-date: /home/zuriel/puzzlebot_challenges/install/my_custom_msgs/include/my_custom_msgs/my_custom_msgs/msg/detail/path_pose__functions.h
[1.800s] -- Up-to-date: /home/zuriel/puzzlebot_challenges/install/my_custom_msgs/include/my_custom_msgs/my_custom_msgs/msg/detail/path_pose__functions.c
[1.800s] -- Up-to-date: /home/zuriel/puzzlebot_challenges/install/my_custom_msgs/include/my_custom_msgs/my_custom_msgs/msg/detail/path_pose__type_support.h
[1.800s] -- Up-to-date: /home/zuriel/puzzlebot_challenges/install/my_custom_msgs/include/my_custom_msgs/my_custom_msgs/msg/detail/path_pose__struct.h
[1.800s] -- Up-to-date: /home/zuriel/puzzlebot_challenges/install/my_custom_msgs/include/my_custom_msgs/my_custom_msgs/msg/path_pose.h
[1.800s] -- Up-to-date: /home/zuriel/puzzlebot_challenges/install/my_custom_msgs/share/my_custom_msgs/environment/library_path.sh
[1.801s] -- Installing: /home/zuriel/puzzlebot_challenges/install/my_custom_msgs/share/my_custom_msgs/environment/library_path.dsv
[1.801s] -- Up-to-date: /home/zuriel/puzzlebot_challenges/install/my_custom_msgs/lib/libmy_custom_msgs__rosidl_generator_c.so
[1.801s] -- Up-to-date: /home/zuriel/puzzlebot_challenges/install/my_custom_msgs/include/my_custom_msgs/my_custom_msgs
[1.801s] -- Up-to-date: /home/zuriel/puzzlebot_challenges/install/my_custom_msgs/include/my_custom_msgs/my_custom_msgs/msg
[1.801s] -- Up-to-date: /home/zuriel/puzzlebot_challenges/install/my_custom_msgs/include/my_custom_msgs/my_custom_msgs/msg/rosidl_typesupport_fastrtps_c__visibility_control.h
[1.801s] -- Up-to-date: /home/zuriel/puzzlebot_challenges/install/my_custom_msgs/include/my_custom_msgs/my_custom_msgs/msg/detail
[1.801s] -- Up-to-date: /home/zuriel/puzzlebot_challenges/install/my_custom_msgs/include/my_custom_msgs/my_custom_msgs/msg/detail/path_pose__rosidl_typesupport_fastrtps_c.h
[1.801s] -- Up-to-date: /home/zuriel/puzzlebot_challenges/install/my_custom_msgs/lib/libmy_custom_msgs__rosidl_typesupport_fastrtps_c.so
[1.801s] -- Up-to-date: /home/zuriel/puzzlebot_challenges/install/my_custom_msgs/include/my_custom_msgs/my_custom_msgs
[1.801s] -- Up-to-date: /home/zuriel/puzzlebot_challenges/install/my_custom_msgs/include/my_custom_msgs/my_custom_msgs/msg
[1.801s] -- Up-to-date: /home/zuriel/puzzlebot_challenges/install/my_custom_msgs/include/my_custom_msgs/my_custom_msgs/msg/path_pose.hpp
[1.801s] -- Up-to-date: /home/zuriel/puzzlebot_challenges/install/my_custom_msgs/include/my_custom_msgs/my_custom_msgs/msg/detail
[1.802s] -- Up-to-date: /home/zuriel/puzzlebot_challenges/install/my_custom_msgs/include/my_custom_msgs/my_custom_msgs/msg/detail/path_pose__builder.hpp
[1.802s] -- Up-to-date: /home/zuriel/puzzlebot_challenges/install/my_custom_msgs/include/my_custom_msgs/my_custom_msgs/msg/detail/path_pose__traits.hpp
[1.802s] -- Up-to-date: /home/zuriel/puzzlebot_challenges/install/my_custom_msgs/include/my_custom_msgs/my_custom_msgs/msg/detail/path_pose__struct.hpp
[1.802s] -- Up-to-date: /home/zuriel/puzzlebot_challenges/install/my_custom_msgs/include/my_custom_msgs/my_custom_msgs/msg/detail/path_pose__type_support.hpp
[1.802s] -- Up-to-date: /home/zuriel/puzzlebot_challenges/install/my_custom_msgs/include/my_custom_msgs/my_custom_msgs/msg/rosidl_generator_cpp__visibility_control.hpp
[1.802s] -- Up-to-date: /home/zuriel/puzzlebot_challenges/install/my_custom_msgs/include/my_custom_msgs/my_custom_msgs
[1.802s] -- Up-to-date: /home/zuriel/puzzlebot_challenges/install/my_custom_msgs/include/my_custom_msgs/my_custom_msgs/msg
[1.802s] -- Up-to-date: /home/zuriel/puzzlebot_challenges/install/my_custom_msgs/include/my_custom_msgs/my_custom_msgs/msg/rosidl_typesupport_fastrtps_cpp__visibility_control.h
[1.802s] -- Up-to-date: /home/zuriel/puzzlebot_challenges/install/my_custom_msgs/include/my_custom_msgs/my_custom_msgs/msg/detail
[1.802s] -- Up-to-date: /home/zuriel/puzzlebot_challenges/install/my_custom_msgs/include/my_custom_msgs/my_custom_msgs/msg/detail/path_pose__rosidl_typesupport_fastrtps_cpp.hpp
[1.802s] -- Up-to-date: /home/zuriel/puzzlebot_challenges/install/my_custom_msgs/include/my_custom_msgs/my_custom_msgs/msg/detail/dds_fastrtps
[1.802s] -- Up-to-date: /home/zuriel/puzzlebot_challenges/install/my_custom_msgs/lib/libmy_custom_msgs__rosidl_typesupport_fastrtps_cpp.so
[1.802s] -- Up-to-date: /home/zuriel/puzzlebot_challenges/install/my_custom_msgs/include/my_custom_msgs/my_custom_msgs
[1.802s] -- Up-to-date: /home/zuriel/puzzlebot_challenges/install/my_custom_msgs/include/my_custom_msgs/my_custom_msgs/msg
[1.802s] -- Up-to-date: /home/zuriel/puzzlebot_challenges/install/my_custom_msgs/include/my_custom_msgs/my_custom_msgs/msg/rosidl_typesupport_introspection_c__visibility_control.h
[1.802s] -- Up-to-date: /home/zuriel/puzzlebot_challenges/install/my_custom_msgs/include/my_custom_msgs/my_custom_msgs/msg/detail
[1.802s] -- Up-to-date: /home/zuriel/puzzlebot_challenges/install/my_custom_msgs/include/my_custom_msgs/my_custom_msgs/msg/detail/path_pose__rosidl_typesupport_introspection_c.h
[1.802s] -- Up-to-date: /home/zuriel/puzzlebot_challenges/install/my_custom_msgs/include/my_custom_msgs/my_custom_msgs/msg/detail/path_pose__type_support.c
[1.802s] -- Up-to-date: /home/zuriel/puzzlebot_challenges/install/my_custom_msgs/lib/libmy_custom_msgs__rosidl_typesupport_introspection_c.so
[1.802s] -- Up-to-date: /home/zuriel/puzzlebot_challenges/install/my_custom_msgs/lib/libmy_custom_msgs__rosidl_typesupport_c.so
[1.802s] -- Up-to-date: /home/zuriel/puzzlebot_challenges/install/my_custom_msgs/include/my_custom_msgs/my_custom_msgs
[1.802s] -- Up-to-date: /home/zuriel/puzzlebot_challenges/install/my_custom_msgs/include/my_custom_msgs/my_custom_msgs/msg
[1.802s] -- Up-to-date: /home/zuriel/puzzlebot_challenges/install/my_custom_msgs/include/my_custom_msgs/my_custom_msgs/msg/detail
[1.802s] -- Up-to-date: /home/zuriel/puzzlebot_challenges/install/my_custom_msgs/include/my_custom_msgs/my_custom_msgs/msg/detail/path_pose__rosidl_typesupport_introspection_cpp.hpp
[1.802s] -- Up-to-date: /home/zuriel/puzzlebot_challenges/install/my_custom_msgs/include/my_custom_msgs/my_custom_msgs/msg/detail/path_pose__type_support.cpp
[1.802s] -- Up-to-date: /home/zuriel/puzzlebot_challenges/install/my_custom_msgs/lib/libmy_custom_msgs__rosidl_typesupport_introspection_cpp.so
[1.802s] -- Up-to-date: /home/zuriel/puzzlebot_challenges/install/my_custom_msgs/lib/libmy_custom_msgs__rosidl_typesupport_cpp.so
[1.802s] -- Up-to-date: /home/zuriel/puzzlebot_challenges/install/my_custom_msgs/share/my_custom_msgs/msg/PathPose.idl
[1.802s] -- Installing: /home/zuriel/puzzlebot_challenges/install/my_custom_msgs/share/my_custom_msgs/msg/PathPose.msg
[1.802s] -- Installing: /home/zuriel/puzzlebot_challenges/install/my_custom_msgs/share/ament_index/resource_index/package_run_dependencies/my_custom_msgs
[1.803s] -- Up-to-date: /home/zuriel/puzzlebot_challenges/install/my_custom_msgs/share/ament_index/resource_index/parent_prefix_path/my_custom_msgs
[1.803s] -- Up-to-date: /home/zuriel/puzzlebot_challenges/install/my_custom_msgs/share/my_custom_msgs/environment/ament_prefix_path.sh
[1.803s] -- Installing: /home/zuriel/puzzlebot_challenges/install/my_custom_msgs/share/my_custom_msgs/environment/ament_prefix_path.dsv
[1.803s] -- Up-to-date: /home/zuriel/puzzlebot_challenges/install/my_custom_msgs/share/my_custom_msgs/environment/path.sh
[1.803s] -- Installing: /home/zuriel/puzzlebot_challenges/install/my_custom_msgs/share/my_custom_msgs/environment/path.dsv
[1.803s] -- Up-to-date: /home/zuriel/puzzlebot_challenges/install/my_custom_msgs/share/my_custom_msgs/local_setup.bash
[1.803s] -- Up-to-date: /home/zuriel/puzzlebot_challenges/install/my_custom_msgs/share/my_custom_msgs/local_setup.sh
[1.803s] -- Up-to-date: /home/zuriel/puzzlebot_challenges/install/my_custom_msgs/share/my_custom_msgs/local_setup.zsh
[1.803s] -- Installing: /home/zuriel/puzzlebot_challenges/install/my_custom_msgs/share/my_custom_msgs/local_setup.dsv
[1.803s] -- Installing: /home/zuriel/puzzlebot_challenges/install/my_custom_msgs/share/my_custom_msgs/package.dsv
[1.803s] -- Up-to-date: /home/zuriel/puzzlebot_challenges/install/my_custom_msgs/share/ament_index/resource_index/packages/my_custom_msgs
[1.803s] -- Up-to-date: /home/zuriel/puzzlebot_challenges/install/my_custom_msgs/share/my_custom_msgs/cmake/export_my_custom_msgs__rosidl_generator_cExport.cmake
[1.803s] -- Up-to-date: /home/zuriel/puzzlebot_challenges/install/my_custom_msgs/share/my_custom_msgs/cmake/export_my_custom_msgs__rosidl_generator_cExport-noconfig.cmake
[1.803s] -- Up-to-date: /home/zuriel/puzzlebot_challenges/install/my_custom_msgs/share/my_custom_msgs/cmake/export_my_custom_msgs__rosidl_typesupport_fastrtps_cExport.cmake
[1.803s] -- Up-to-date: /home/zuriel/puzzlebot_challenges/install/my_custom_msgs/share/my_custom_msgs/cmake/export_my_custom_msgs__rosidl_typesupport_fastrtps_cExport-noconfig.cmake
[1.803s] -- Up-to-date: /home/zuriel/puzzlebot_challenges/install/my_custom_msgs/share/my_custom_msgs/cmake/export_my_custom_msgs__rosidl_generator_cppExport.cmake
[1.803s] -- Up-to-date: /home/zuriel/puzzlebot_challenges/install/my_custom_msgs/share/my_custom_msgs/cmake/export_my_custom_msgs__rosidl_typesupport_fastrtps_cppExport.cmake
[1.803s] -- Up-to-date: /home/zuriel/puzzlebot_challenges/install/my_custom_msgs/share/my_custom_msgs/cmake/export_my_custom_msgs__rosidl_typesupport_fastrtps_cppExport-noconfig.cmake
[1.803s] -- Up-to-date: /home/zuriel/puzzlebot_challenges/install/my_custom_msgs/share/my_custom_msgs/cmake/my_custom_msgs__rosidl_typesupport_introspection_cExport.cmake
[1.803s] -- Up-to-date: /home/zuriel/puzzlebot_challenges/install/my_custom_msgs/share/my_custom_msgs/cmake/my_custom_msgs__rosidl_typesupport_introspection_cExport-noconfig.cmake
[1.803s] -- Up-to-date: /home/zuriel/puzzlebot_challenges/install/my_custom_msgs/share/my_custom_msgs/cmake/my_custom_msgs__rosidl_typesupport_cExport.cmake
[1.803s] -- Up-to-date: /home/zuriel/puzzlebot_challenges/install/my_custom_msgs/share/my_custom_msgs/cmake/my_custom_msgs__rosidl_typesupport_cExport-noconfig.cmake
[1.803s] -- Up-to-date: /home/zuriel/puzzlebot_challenges/install/my_custom_msgs/share/my_custom_msgs/cmake/my_custom_msgs__rosidl_typesupport_introspection_cppExport.cmake
[1.803s] -- Up-to-date: /home/zuriel/puzzlebot_challenges/install/my_custom_msgs/share/my_custom_msgs/cmake/my_custom_msgs__rosidl_typesupport_introspection_cppExport-noconfig.cmake
[1.803s] -- Up-to-date: /home/zuriel/puzzlebot_challenges/install/my_custom_msgs/share/my_custom_msgs/cmake/my_custom_msgs__rosidl_typesupport_cppExport.cmake
[1.803s] -- Up-to-date: /home/zuriel/puzzlebot_challenges/install/my_custom_msgs/share/my_custom_msgs/cmake/my_custom_msgs__rosidl_typesupport_cppExport-noconfig.cmake
[1.803s] -- Up-to-date: /home/zuriel/puzzlebot_challenges/install/my_custom_msgs/share/my_custom_msgs/cmake/rosidl_cmake-extras.cmake
[1.803s] -- Installing: /home/zuriel/puzzlebot_challenges/install/my_custom_msgs/share/my_custom_msgs/cmake/ament_cmake_export_dependencies-extras.cmake
[1.803s] -- Up-to-date: /home/zuriel/puzzlebot_challenges/install/my_custom_msgs/share/my_custom_msgs/cmake/ament_cmake_export_include_directories-extras.cmake
[1.803s] -- Up-to-date: /home/zuriel/puzzlebot_challenges/install/my_custom_msgs/share/my_custom_msgs/cmake/ament_cmake_export_libraries-extras.cmake
[1.803s] -- Up-to-date: /home/zuriel/puzzlebot_challenges/install/my_custom_msgs/share/my_custom_msgs/cmake/ament_cmake_export_targets-extras.cmake
[1.804s] -- Up-to-date: /home/zuriel/puzzlebot_challenges/install/my_custom_msgs/share/my_custom_msgs/cmake/rosidl_cmake_export_typesupport_targets-extras.cmake
[1.804s] -- Up-to-date: /home/zuriel/puzzlebot_challenges/install/my_custom_msgs/share/my_custom_msgs/cmake/rosidl_cmake_export_typesupport_libraries-extras.cmake
[1.804s] -- Up-to-date: /home/zuriel/puzzlebot_challenges/install/my_custom_msgs/share/my_custom_msgs/cmake/my_custom_msgsConfig.cmake
[1.804s] -- Up-to-date: /home/zuriel/puzzlebot_challenges/install/my_custom_msgs/share/my_custom_msgs/cmake/my_custom_msgsConfig-version.cmake
[1.804s] -- Installing: /home/zuriel/puzzlebot_challenges/install/my_custom_msgs/share/my_custom_msgs/package.xml
[1.805s] Invoked command in '/home/zuriel/puzzlebot_challenges/build/my_custom_msgs' returned '0': CMAKE_PREFIX_PATH=${CMAKE_PREFIX_PATH}:/home/zuriel/puzzlebot_challenges/install/path_follower:/home/zuriel/turtlebot3_ws/install/turtlebot3_teleop:/home/zuriel/turtlebot3_ws/install/turtlebot3_example:/opt/ros/humble /usr/bin/cmake --install /home/zuriel/puzzlebot_challenges/build/my_custom_msgs
