-- The C compiler identification is GNU 11.4.0
-- The CXX compiler identification is GNU 11.4.0
-- Detecting C compiler ABI info
-- Detecting C compiler ABI info - done
-- Check for working C compiler: /usr/bin/cc - skipped
-- Detecting C compile features
-- Detecting C compile features - done
-- Detecting CXX compiler ABI info
-- Detecting CXX compiler ABI info - done
-- Check for working CXX compiler: /usr/bin/c++ - skipped
-- Detecting CXX compile features
-- Detecting CXX compile features - done
-- Found ament_cmake: 1.3.11 (/opt/ros/humble/share/ament_cmake/cmake)
-- Found Python3: /home/zuriel/.pyenv/shims/python3 (found version "3.10.12") found components: Interpreter 
-- Found std_msgs: 4.2.4 (/opt/ros/humble/share/std_msgs/cmake)
-- Found rosidl_generator_c: 3.1.6 (/opt/ros/humble/share/rosidl_generator_c/cmake)
-- Found rosidl_adapter: 3.1.6 (/opt/ros/humble/share/rosidl_adapter/cmake)
-- Found rosidl_generator_cpp: 3.1.6 (/opt/ros/humble/share/rosidl_generator_cpp/cmake)
-- Using all available rosidl_typesupport_c: rosidl_typesupport_fastrtps_c;rosidl_typesupport_introspection_c
-- Using all available rosidl_typesupport_cpp: rosidl_typesupport_fastrtps_cpp;rosidl_typesupport_introspection_cpp
-- Found geometry_msgs: 4.2.4 (/opt/ros/humble/share/geometry_msgs/cmake)
-- Found ament_cmake_ros: 0.10.0 (/opt/ros/humble/share/ament_cmake_ros/cmake)
-- Using all available rosidl_typesupport_c: rosidl_typesupport_fastrtps_c;rosidl_typesupport_introspection_c
-- Using all available rosidl_typesupport_cpp: rosidl_typesupport_fastrtps_cpp;rosidl_typesupport_introspection_cpp
-- Found ament_lint_auto: 0.12.11 (/opt/ros/humble/share/ament_lint_auto/cmake)
-- Added test 'lint_cmake' to check CMake code style
-- Added test 'xmllint' to check XML markup files
-- Configuring done
-- Generating done
-- Build files have been written to: /home/zuriel/puzzlebot_challenges/build/my_custom_msgs
[  4%] [34m[1mGenerating C code for ROS interfaces[0m
[  9%] [34m[1mGenerating C++ code for ROS interfaces[0m
[  9%] Built target my_custom_msgs__cpp
[ 13%] [34m[1mGenerating C++ type support for eProsima Fast-RTPS[0m
[ 18%] [34m[1mGenerating C++ introspection for ROS interfaces[0m
[ 22%] [34m[1mGenerating C++ type support dispatch for ROS interfaces[0m
[ 27%] [32mBuilding C object CMakeFiles/my_custom_msgs__rosidl_generator_c.dir/rosidl_generator_c/my_custom_msgs/msg/detail/path_pose__functions.c.o[0m
[ 31%] [32m[1mLinking C shared library libmy_custom_msgs__rosidl_generator_c.so[0m
[ 31%] Built target my_custom_msgs__rosidl_generator_c
[ 45%] [34m[1mGenerating C type support dispatch for ROS interfaces[0m
[ 45%] [34m[1mGenerating C type support for eProsima Fast-RTPS[0m
[ 45%] [34m[1mGenerating C introspection for ROS interfaces[0m
[ 50%] [32mBuilding CXX object CMakeFiles/my_custom_msgs__rosidl_typesupport_cpp.dir/rosidl_typesupport_cpp/my_custom_msgs/msg/path_pose__type_support.cpp.o[0m
[ 54%] [32mBuilding CXX object CMakeFiles/my_custom_msgs__rosidl_typesupport_introspection_cpp.dir/rosidl_typesupport_introspection_cpp/my_custom_msgs/msg/detail/path_pose__type_support.cpp.o[0m
[ 59%] [32mBuilding CXX object CMakeFiles/my_custom_msgs__rosidl_typesupport_fastrtps_cpp.dir/rosidl_typesupport_fastrtps_cpp/my_custom_msgs/msg/detail/dds_fastrtps/path_pose__type_support.cpp.o[0m
[ 63%] [32mBuilding CXX object CMakeFiles/my_custom_msgs__rosidl_typesupport_c.dir/rosidl_typesupport_c/my_custom_msgs/msg/path_pose__type_support.cpp.o[0m
[ 72%] [32mBuilding C object CMakeFiles/my_custom_msgs__rosidl_typesupport_introspection_c.dir/rosidl_typesupport_introspection_c/my_custom_msgs/msg/detail/path_pose__type_support.c.o[0m
[ 72%] [32mBuilding CXX object CMakeFiles/my_custom_msgs__rosidl_typesupport_fastrtps_c.dir/rosidl_typesupport_fastrtps_c/my_custom_msgs/msg/detail/path_pose__type_support_c.cpp.o[0m
[ 77%] [32m[1mLinking CXX shared library libmy_custom_msgs__rosidl_typesupport_c.so[0m
[ 86%] [32m[1mLinking CXX shared library libmy_custom_msgs__rosidl_typesupport_cpp.so[0m
[ 86%] [32m[1mLinking C shared library libmy_custom_msgs__rosidl_typesupport_introspection_c.so[0m
[ 86%] Built target my_custom_msgs__rosidl_typesupport_c
[ 86%] Built target my_custom_msgs__rosidl_typesupport_introspection_c
[ 86%] Built target my_custom_msgs__rosidl_typesupport_cpp
[ 90%] [32m[1mLinking CXX shared library libmy_custom_msgs__rosidl_typesupport_fastrtps_cpp.so[0m
[ 95%] [32m[1mLinking CXX shared library libmy_custom_msgs__rosidl_typesupport_introspection_cpp.so[0m
[ 95%] Built target my_custom_msgs__rosidl_typesupport_fastrtps_cpp
[ 95%] Built target my_custom_msgs__rosidl_typesupport_introspection_cpp
[100%] [32m[1mLinking CXX shared library libmy_custom_msgs__rosidl_typesupport_fastrtps_c.so[0m
[100%] Built target my_custom_msgs__rosidl_typesupport_fastrtps_c
[100%] Built target my_custom_msgs
-- Install configuration: ""
-- Installing: /home/zuriel/puzzlebot_challenges/install/my_custom_msgs/share/ament_index/resource_index/rosidl_interfaces/my_custom_msgs
-- Installing: /home/zuriel/puzzlebot_challenges/install/my_custom_msgs/include/my_custom_msgs/my_custom_msgs
-- Installing: /home/zuriel/puzzlebot_challenges/install/my_custom_msgs/include/my_custom_msgs/my_custom_msgs/msg
-- Installing: /home/zuriel/puzzlebot_challenges/install/my_custom_msgs/include/my_custom_msgs/my_custom_msgs/msg/rosidl_generator_c__visibility_control.h
-- Installing: /home/zuriel/puzzlebot_challenges/install/my_custom_msgs/include/my_custom_msgs/my_custom_msgs/msg/detail
-- Installing: /home/zuriel/puzzlebot_challenges/install/my_custom_msgs/include/my_custom_msgs/my_custom_msgs/msg/detail/path_pose__functions.h
-- Installing: /home/zuriel/puzzlebot_challenges/install/my_custom_msgs/include/my_custom_msgs/my_custom_msgs/msg/detail/path_pose__functions.c
-- Installing: /home/zuriel/puzzlebot_challenges/install/my_custom_msgs/include/my_custom_msgs/my_custom_msgs/msg/detail/path_pose__type_support.h
-- Installing: /home/zuriel/puzzlebot_challenges/install/my_custom_msgs/include/my_custom_msgs/my_custom_msgs/msg/detail/path_pose__struct.h
-- Installing: /home/zuriel/puzzlebot_challenges/install/my_custom_msgs/include/my_custom_msgs/my_custom_msgs/msg/path_pose.h
-- Installing: /home/zuriel/puzzlebot_challenges/install/my_custom_msgs/share/my_custom_msgs/environment/library_path.sh
-- Installing: /home/zuriel/puzzlebot_challenges/install/my_custom_msgs/share/my_custom_msgs/environment/library_path.dsv
-- Installing: /home/zuriel/puzzlebot_challenges/install/my_custom_msgs/lib/libmy_custom_msgs__rosidl_generator_c.so
-- Set runtime path of "/home/zuriel/puzzlebot_challenges/install/my_custom_msgs/lib/libmy_custom_msgs__rosidl_generator_c.so" to ""
-- Up-to-date: /home/zuriel/puzzlebot_challenges/install/my_custom_msgs/include/my_custom_msgs/my_custom_msgs
-- Up-to-date: /home/zuriel/puzzlebot_challenges/install/my_custom_msgs/include/my_custom_msgs/my_custom_msgs/msg
-- Installing: /home/zuriel/puzzlebot_challenges/install/my_custom_msgs/include/my_custom_msgs/my_custom_msgs/msg/rosidl_typesupport_fastrtps_c__visibility_control.h
-- Up-to-date: /home/zuriel/puzzlebot_challenges/install/my_custom_msgs/include/my_custom_msgs/my_custom_msgs/msg/detail
-- Installing: /home/zuriel/puzzlebot_challenges/install/my_custom_msgs/include/my_custom_msgs/my_custom_msgs/msg/detail/path_pose__rosidl_typesupport_fastrtps_c.h
-- Installing: /home/zuriel/puzzlebot_challenges/install/my_custom_msgs/lib/libmy_custom_msgs__rosidl_typesupport_fastrtps_c.so
-- Set runtime path of "/home/zuriel/puzzlebot_challenges/install/my_custom_msgs/lib/libmy_custom_msgs__rosidl_typesupport_fastrtps_c.so" to ""
-- Up-to-date: /home/zuriel/puzzlebot_challenges/install/my_custom_msgs/include/my_custom_msgs/my_custom_msgs
-- Up-to-date: /home/zuriel/puzzlebot_challenges/install/my_custom_msgs/include/my_custom_msgs/my_custom_msgs/msg
-- Installing: /home/zuriel/puzzlebot_challenges/install/my_custom_msgs/include/my_custom_msgs/my_custom_msgs/msg/path_pose.hpp
-- Up-to-date: /home/zuriel/puzzlebot_challenges/install/my_custom_msgs/include/my_custom_msgs/my_custom_msgs/msg/detail
-- Installing: /home/zuriel/puzzlebot_challenges/install/my_custom_msgs/include/my_custom_msgs/my_custom_msgs/msg/detail/path_pose__builder.hpp
-- Installing: /home/zuriel/puzzlebot_challenges/install/my_custom_msgs/include/my_custom_msgs/my_custom_msgs/msg/detail/path_pose__traits.hpp
-- Installing: /home/zuriel/puzzlebot_challenges/install/my_custom_msgs/include/my_custom_msgs/my_custom_msgs/msg/detail/path_pose__struct.hpp
-- Installing: /home/zuriel/puzzlebot_challenges/install/my_custom_msgs/include/my_custom_msgs/my_custom_msgs/msg/detail/path_pose__type_support.hpp
-- Installing: /home/zuriel/puzzlebot_challenges/install/my_custom_msgs/include/my_custom_msgs/my_custom_msgs/msg/rosidl_generator_cpp__visibility_control.hpp
-- Up-to-date: /home/zuriel/puzzlebot_challenges/install/my_custom_msgs/include/my_custom_msgs/my_custom_msgs
-- Up-to-date: /home/zuriel/puzzlebot_challenges/install/my_custom_msgs/include/my_custom_msgs/my_custom_msgs/msg
-- Installing: /home/zuriel/puzzlebot_challenges/install/my_custom_msgs/include/my_custom_msgs/my_custom_msgs/msg/rosidl_typesupport_fastrtps_cpp__visibility_control.h
-- Up-to-date: /home/zuriel/puzzlebot_challenges/install/my_custom_msgs/include/my_custom_msgs/my_custom_msgs/msg/detail
-- Installing: /home/zuriel/puzzlebot_challenges/install/my_custom_msgs/include/my_custom_msgs/my_custom_msgs/msg/detail/path_pose__rosidl_typesupport_fastrtps_cpp.hpp
-- Installing: /home/zuriel/puzzlebot_challenges/install/my_custom_msgs/include/my_custom_msgs/my_custom_msgs/msg/detail/dds_fastrtps
-- Installing: /home/zuriel/puzzlebot_challenges/install/my_custom_msgs/lib/libmy_custom_msgs__rosidl_typesupport_fastrtps_cpp.so
-- Set runtime path of "/home/zuriel/puzzlebot_challenges/install/my_custom_msgs/lib/libmy_custom_msgs__rosidl_typesupport_fastrtps_cpp.so" to ""
-- Up-to-date: /home/zuriel/puzzlebot_challenges/install/my_custom_msgs/include/my_custom_msgs/my_custom_msgs
-- Up-to-date: /home/zuriel/puzzlebot_challenges/install/my_custom_msgs/include/my_custom_msgs/my_custom_msgs/msg
-- Installing: /home/zuriel/puzzlebot_challenges/install/my_custom_msgs/include/my_custom_msgs/my_custom_msgs/msg/rosidl_typesupport_introspection_c__visibility_control.h
-- Up-to-date: /home/zuriel/puzzlebot_challenges/install/my_custom_msgs/include/my_custom_msgs/my_custom_msgs/msg/detail
-- Installing: /home/zuriel/puzzlebot_challenges/install/my_custom_msgs/include/my_custom_msgs/my_custom_msgs/msg/detail/path_pose__rosidl_typesupport_introspection_c.h
-- Installing: /home/zuriel/puzzlebot_challenges/install/my_custom_msgs/include/my_custom_msgs/my_custom_msgs/msg/detail/path_pose__type_support.c
-- Installing: /home/zuriel/puzzlebot_challenges/install/my_custom_msgs/lib/libmy_custom_msgs__rosidl_typesupport_introspection_c.so
-- Set runtime path of "/home/zuriel/puzzlebot_challenges/install/my_custom_msgs/lib/libmy_custom_msgs__rosidl_typesupport_introspection_c.so" to ""
-- Installing: /home/zuriel/puzzlebot_challenges/install/my_custom_msgs/lib/libmy_custom_msgs__rosidl_typesupport_c.so
-- Set runtime path of "/home/zuriel/puzzlebot_challenges/install/my_custom_msgs/lib/libmy_custom_msgs__rosidl_typesupport_c.so" to ""
-- Up-to-date: /home/zuriel/puzzlebot_challenges/install/my_custom_msgs/include/my_custom_msgs/my_custom_msgs
-- Up-to-date: /home/zuriel/puzzlebot_challenges/install/my_custom_msgs/include/my_custom_msgs/my_custom_msgs/msg
-- Up-to-date: /home/zuriel/puzzlebot_challenges/install/my_custom_msgs/include/my_custom_msgs/my_custom_msgs/msg/detail
-- Installing: /home/zuriel/puzzlebot_challenges/install/my_custom_msgs/include/my_custom_msgs/my_custom_msgs/msg/detail/path_pose__rosidl_typesupport_introspection_cpp.hpp
-- Installing: /home/zuriel/puzzlebot_challenges/install/my_custom_msgs/include/my_custom_msgs/my_custom_msgs/msg/detail/path_pose__type_support.cpp
-- Installing: /home/zuriel/puzzlebot_challenges/install/my_custom_msgs/lib/libmy_custom_msgs__rosidl_typesupport_introspection_cpp.so
-- Set runtime path of "/home/zuriel/puzzlebot_challenges/install/my_custom_msgs/lib/libmy_custom_msgs__rosidl_typesupport_introspection_cpp.so" to ""
-- Installing: /home/zuriel/puzzlebot_challenges/install/my_custom_msgs/lib/libmy_custom_msgs__rosidl_typesupport_cpp.so
-- Set runtime path of "/home/zuriel/puzzlebot_challenges/install/my_custom_msgs/lib/libmy_custom_msgs__rosidl_typesupport_cpp.so" to ""
-- Installing: /home/zuriel/puzzlebot_challenges/install/my_custom_msgs/share/my_custom_msgs/msg/PathPose.idl
-- Installing: /home/zuriel/puzzlebot_challenges/install/my_custom_msgs/share/my_custom_msgs/msg/PathPose.msg
-- Installing: /home/zuriel/puzzlebot_challenges/install/my_custom_msgs/share/ament_index/resource_index/package_run_dependencies/my_custom_msgs
-- Installing: /home/zuriel/puzzlebot_challenges/install/my_custom_msgs/share/ament_index/resource_index/parent_prefix_path/my_custom_msgs
-- Installing: /home/zuriel/puzzlebot_challenges/install/my_custom_msgs/share/my_custom_msgs/environment/ament_prefix_path.sh
-- Installing: /home/zuriel/puzzlebot_challenges/install/my_custom_msgs/share/my_custom_msgs/environment/ament_prefix_path.dsv
-- Installing: /home/zuriel/puzzlebot_challenges/install/my_custom_msgs/share/my_custom_msgs/environment/path.sh
-- Installing: /home/zuriel/puzzlebot_challenges/install/my_custom_msgs/share/my_custom_msgs/environment/path.dsv
-- Installing: /home/zuriel/puzzlebot_challenges/install/my_custom_msgs/share/my_custom_msgs/local_setup.bash
-- Installing: /home/zuriel/puzzlebot_challenges/install/my_custom_msgs/share/my_custom_msgs/local_setup.sh
-- Installing: /home/zuriel/puzzlebot_challenges/install/my_custom_msgs/share/my_custom_msgs/local_setup.zsh
-- Installing: /home/zuriel/puzzlebot_challenges/install/my_custom_msgs/share/my_custom_msgs/local_setup.dsv
-- Installing: /home/zuriel/puzzlebot_challenges/install/my_custom_msgs/share/my_custom_msgs/package.dsv
-- Installing: /home/zuriel/puzzlebot_challenges/install/my_custom_msgs/share/ament_index/resource_index/packages/my_custom_msgs
-- Installing: /home/zuriel/puzzlebot_challenges/install/my_custom_msgs/share/my_custom_msgs/cmake/export_my_custom_msgs__rosidl_generator_cExport.cmake
-- Installing: /home/zuriel/puzzlebot_challenges/install/my_custom_msgs/share/my_custom_msgs/cmake/export_my_custom_msgs__rosidl_generator_cExport-noconfig.cmake
-- Installing: /home/zuriel/puzzlebot_challenges/install/my_custom_msgs/share/my_custom_msgs/cmake/export_my_custom_msgs__rosidl_typesupport_fastrtps_cExport.cmake
-- Installing: /home/zuriel/puzzlebot_challenges/install/my_custom_msgs/share/my_custom_msgs/cmake/export_my_custom_msgs__rosidl_typesupport_fastrtps_cExport-noconfig.cmake
-- Installing: /home/zuriel/puzzlebot_challenges/install/my_custom_msgs/share/my_custom_msgs/cmake/export_my_custom_msgs__rosidl_generator_cppExport.cmake
-- Installing: /home/zuriel/puzzlebot_challenges/install/my_custom_msgs/share/my_custom_msgs/cmake/export_my_custom_msgs__rosidl_typesupport_fastrtps_cppExport.cmake
-- Installing: /home/zuriel/puzzlebot_challenges/install/my_custom_msgs/share/my_custom_msgs/cmake/export_my_custom_msgs__rosidl_typesupport_fastrtps_cppExport-noconfig.cmake
-- Installing: /home/zuriel/puzzlebot_challenges/install/my_custom_msgs/share/my_custom_msgs/cmake/my_custom_msgs__rosidl_typesupport_introspection_cExport.cmake
-- Installing: /home/zuriel/puzzlebot_challenges/install/my_custom_msgs/share/my_custom_msgs/cmake/my_custom_msgs__rosidl_typesupport_introspection_cExport-noconfig.cmake
-- Installing: /home/zuriel/puzzlebot_challenges/install/my_custom_msgs/share/my_custom_msgs/cmake/my_custom_msgs__rosidl_typesupport_cExport.cmake
-- Installing: /home/zuriel/puzzlebot_challenges/install/my_custom_msgs/share/my_custom_msgs/cmake/my_custom_msgs__rosidl_typesupport_cExport-noconfig.cmake
-- Installing: /home/zuriel/puzzlebot_challenges/install/my_custom_msgs/share/my_custom_msgs/cmake/my_custom_msgs__rosidl_typesupport_introspection_cppExport.cmake
-- Installing: /home/zuriel/puzzlebot_challenges/install/my_custom_msgs/share/my_custom_msgs/cmake/my_custom_msgs__rosidl_typesupport_introspection_cppExport-noconfig.cmake
-- Installing: /home/zuriel/puzzlebot_challenges/install/my_custom_msgs/share/my_custom_msgs/cmake/my_custom_msgs__rosidl_typesupport_cppExport.cmake
-- Installing: /home/zuriel/puzzlebot_challenges/install/my_custom_msgs/share/my_custom_msgs/cmake/my_custom_msgs__rosidl_typesupport_cppExport-noconfig.cmake
-- Installing: /home/zuriel/puzzlebot_challenges/install/my_custom_msgs/share/my_custom_msgs/cmake/rosidl_cmake-extras.cmake
-- Installing: /home/zuriel/puzzlebot_challenges/install/my_custom_msgs/share/my_custom_msgs/cmake/ament_cmake_export_dependencies-extras.cmake
-- Installing: /home/zuriel/puzzlebot_challenges/install/my_custom_msgs/share/my_custom_msgs/cmake/ament_cmake_export_include_directories-extras.cmake
-- Installing: /home/zuriel/puzzlebot_challenges/install/my_custom_msgs/share/my_custom_msgs/cmake/ament_cmake_export_libraries-extras.cmake
-- Installing: /home/zuriel/puzzlebot_challenges/install/my_custom_msgs/share/my_custom_msgs/cmake/ament_cmake_export_targets-extras.cmake
-- Installing: /home/zuriel/puzzlebot_challenges/install/my_custom_msgs/share/my_custom_msgs/cmake/rosidl_cmake_export_typesupport_targets-extras.cmake
-- Installing: /home/zuriel/puzzlebot_challenges/install/my_custom_msgs/share/my_custom_msgs/cmake/rosidl_cmake_export_typesupport_libraries-extras.cmake
-- Installing: /home/zuriel/puzzlebot_challenges/install/my_custom_msgs/share/my_custom_msgs/cmake/my_custom_msgsConfig.cmake
-- Installing: /home/zuriel/puzzlebot_challenges/install/my_custom_msgs/share/my_custom_msgs/cmake/my_custom_msgsConfig-version.cmake
-- Installing: /home/zuriel/puzzlebot_challenges/install/my_custom_msgs/share/my_custom_msgs/package.xml
