running egg_info
creating ../../build/path_follower/path_follower.egg-info
writing ../../build/path_follower/path_follower.egg-info/PKG-INFO
writing dependency_links to ../../build/path_follower/path_follower.egg-info/dependency_links.txt
writing entry points to ../../build/path_follower/path_follower.egg-info/entry_points.txt
writing requirements to ../../build/path_follower/path_follower.egg-info/requires.txt
writing top-level names to ../../build/path_follower/path_follower.egg-info/top_level.txt
writing manifest file '../../build/path_follower/path_follower.egg-info/SOURCES.txt'
reading manifest file '../../build/path_follower/path_follower.egg-info/SOURCES.txt'
writing manifest file '../../build/path_follower/path_follower.egg-info/SOURCES.txt'
running build
running build_py
creating /home/zuriel/puzzlebot_challenges/build/path_follower/build
creating /home/zuriel/puzzlebot_challenges/build/path_follower/build/lib
creating /home/zuriel/puzzlebot_challenges/build/path_follower/build/lib/path_follower
copying path_follower/controller.py -> /home/zuriel/puzzlebot_challenges/build/path_follower/build/lib/path_follower
copying path_follower/polygon_publisher.py -> /home/zuriel/puzzlebot_challenges/build/path_follower/build/lib/path_follower
copying path_follower/path_publisher.py -> /home/zuriel/puzzlebot_challenges/build/path_follower/build/lib/path_follower
copying path_follower/Polygon_IMU.py -> /home/zuriel/puzzlebot_challenges/build/path_follower/build/lib/path_follower
copying path_follower/__init__.py -> /home/zuriel/puzzlebot_challenges/build/path_follower/build/lib/path_follower
running install
running install_lib
creating /home/zuriel/puzzlebot_challenges/install/path_follower/lib/python3.10/site-packages/path_follower
copying /home/zuriel/puzzlebot_challenges/build/path_follower/build/lib/path_follower/controller.py -> /home/zuriel/puzzlebot_challenges/install/path_follower/lib/python3.10/site-packages/path_follower
copying /home/zuriel/puzzlebot_challenges/build/path_follower/build/lib/path_follower/polygon_publisher.py -> /home/zuriel/puzzlebot_challenges/install/path_follower/lib/python3.10/site-packages/path_follower
copying /home/zuriel/puzzlebot_challenges/build/path_follower/build/lib/path_follower/path_publisher.py -> /home/zuriel/puzzlebot_challenges/install/path_follower/lib/python3.10/site-packages/path_follower
copying /home/zuriel/puzzlebot_challenges/build/path_follower/build/lib/path_follower/Polygon_IMU.py -> /home/zuriel/puzzlebot_challenges/install/path_follower/lib/python3.10/site-packages/path_follower
copying /home/zuriel/puzzlebot_challenges/build/path_follower/build/lib/path_follower/__init__.py -> /home/zuriel/puzzlebot_challenges/install/path_follower/lib/python3.10/site-packages/path_follower
byte-compiling /home/zuriel/puzzlebot_challenges/install/path_follower/lib/python3.10/site-packages/path_follower/controller.py to controller.cpython-310.pyc
byte-compiling /home/zuriel/puzzlebot_challenges/install/path_follower/lib/python3.10/site-packages/path_follower/polygon_publisher.py to polygon_publisher.cpython-310.pyc
byte-compiling /home/zuriel/puzzlebot_challenges/install/path_follower/lib/python3.10/site-packages/path_follower/path_publisher.py to path_publisher.cpython-310.pyc
byte-compiling /home/zuriel/puzzlebot_challenges/install/path_follower/lib/python3.10/site-packages/path_follower/Polygon_IMU.py to Polygon_IMU.cpython-310.pyc
byte-compiling /home/zuriel/puzzlebot_challenges/install/path_follower/lib/python3.10/site-packages/path_follower/__init__.py to __init__.cpython-310.pyc
running install_data
creating /home/zuriel/puzzlebot_challenges/install/path_follower/share/ament_index
creating /home/zuriel/puzzlebot_challenges/install/path_follower/share/ament_index/resource_index
creating /home/zuriel/puzzlebot_challenges/install/path_follower/share/ament_index/resource_index/packages
copying resource/path_follower -> /home/zuriel/puzzlebot_challenges/install/path_follower/share/ament_index/resource_index/packages
copying package.xml -> /home/zuriel/puzzlebot_challenges/install/path_follower/share/path_follower
running install_egg_info
Copying ../../build/path_follower/path_follower.egg-info to /home/zuriel/puzzlebot_challenges/install/path_follower/lib/python3.10/site-packages/path_follower-0.0.0-py3.10.egg-info
running install_scripts
Installing path_pub script to /home/zuriel/puzzlebot_challenges/install/path_follower/lib/path_follower
Installing polygon_imu script to /home/zuriel/puzzlebot_challenges/install/path_follower/lib/path_follower
Installing polygon_publisher script to /home/zuriel/puzzlebot_challenges/install/path_follower/lib/path_follower
writing list of installed files to '/home/zuriel/puzzlebot_challenges/build/path_follower/install.log'
